The target system is: Generic -  - 
The host system is: Linux - 6.8.5-arch1-1 - x86_64
Compiling the C compiler identification source file "CMakeCCompilerId.c" succeeded.
Compiler: /home/paco/.espressif/tools/xtensa-esp-elf/esp-13.2.0_20230928/xtensa-esp-elf/bin/xtensa-esp32-elf-gcc 
Build flags: -mlongcalls;-Wno-frame-address;
Id flags:  

The output was:
0


Compilation of the C compiler identification source "CMakeCCompilerId.c" produced "a.out"

The C compiler identification is GNU, found in "/home/paco/proyectos/esp32/Demo_LVGL/5_1_LCD_Test/CMakeFiles/3.24.0/CompilerIdC/a.out"

Compiling the CXX compiler identification source file "CMakeCXXCompilerId.cpp" succeeded.
Compiler: /home/paco/.espressif/tools/xtensa-esp-elf/esp-13.2.0_20230928/xtensa-esp-elf/bin/xtensa-esp32-elf-g++ 
Build flags: -mlongcalls;-Wno-frame-address;
Id flags:  

The output was:
0


Compilation of the CXX compiler identification source "CMakeCXXCompilerId.cpp" produced "a.out"

The CXX compiler identification is GNU, found in "/home/paco/proyectos/esp32/Demo_LVGL/5_1_LCD_Test/CMakeFiles/3.24.0/CompilerIdCXX/a.out"

Checking whether the ASM compiler is GNU using "--version" matched "(GNU assembler)|(GCC)|(Free Software Foundation)":
xtensa-esp-elf-gcc (crosstool-NG esp-13.2.0_20230928) 13.2.0
Copyright (C) 2023 Free Software Foundation, Inc.
This is free software; see the source for copying conditions.  There is NO
warranty; not even for MERCHANTABILITY or FITNESS FOR A PARTICULAR PURPOSE.

Detecting C compiler ABI info compiled with the following output:
Change Dir: /home/paco/proyectos/esp32/Demo_LVGL/5_1_LCD_Test/CMakeFiles/CMakeTmp

Run Build Command(s):/usr/bin/make -f Makefile cmTC_cdb8e/fast && /usr/bin/make  -f CMakeFiles/cmTC_cdb8e.dir/build.make CMakeFiles/cmTC_cdb8e.dir/build
make[1]: Entering directory '/home/paco/proyectos/esp32/Demo_LVGL/5_1_LCD_Test/CMakeFiles/CMakeTmp'
Building C object CMakeFiles/cmTC_cdb8e.dir/CMakeCCompilerABI.c.obj
/home/paco/.espressif/tools/xtensa-esp-elf/esp-13.2.0_20230928/xtensa-esp-elf/bin/xtensa-esp32-elf-gcc   -mlongcalls -Wno-frame-address     -v -o CMakeFiles/cmTC_cdb8e.dir/CMakeCCompilerABI.c.obj -c /home/paco/.espressif/tools/cmake/3.24.0/share/cmake-3.24/Modules/CMakeCCompilerABI.c
Using built-in specs.
COLLECT_GCC=/home/paco/.espressif/tools/xtensa-esp-elf/esp-13.2.0_20230928/xtensa-esp-elf/bin/xtensa-esp-elf-gcc
Target: xtensa-esp-elf
Configured with: /builds/idf/crosstool-NG/.build/xtensa-esp-elf/src/gcc/configure --build=x86_64-build_pc-linux-gnu --host=x86_64-build_pc-linux-gnu --target=xtensa-esp-elf --prefix=/builds/idf/crosstool-NG/builds/xtensa-esp-elf --exec_prefix=/builds/idf/crosstool-NG/builds/xtensa-esp-elf --with-local-prefix=/builds/idf/crosstool-NG/builds/xtensa-esp-elf/xtensa-esp-elf --with-headers=/builds/idf/crosstool-NG/builds/xtensa-esp-elf/xtensa-esp-elf/include --with-newlib --enable-threads=no --disable-shared --with-pkgversion='crosstool-NG esp-13.2.0_20230928' --disable-__cxa_atexit --enable-cxx-flags=-ffunction-sections --disable-libgomp --disable-libmudflap --disable-libmpx --disable-libssp --disable-libquadmath --disable-libquadmath-support --disable-libstdcxx-verbose --with-gmp=/builds/idf/crosstool-NG/.build/xtensa-esp-elf/buildtools --with-mpfr=/builds/idf/crosstool-NG/.build/xtensa-esp-elf/buildtools --with-mpc=/builds/idf/crosstool-NG/.build/xtensa-esp-elf/buildtools --with-isl=/builds/idf/crosstool-NG/.build/xtensa-esp-elf/buildtools --enable-lto --enable-target-optspace --without-long-double-128 --disable-nls --enable-multiarch --enable-languages=c,c++ --disable-libstdcxx-verbose --enable-threads=posix --enable-gcov-custom-rtio --enable-libstdcxx-time=yes
Thread model: posix
Supported LTO compression algorithms: zlib
gcc version 13.2.0 (crosstool-NG esp-13.2.0_20230928) 
COLLECT_GCC_OPTIONS='-mdynconfig=xtensa_esp32.so' '-mlongcalls' '-Wno-frame-address' '-v' '-o' 'CMakeFiles/cmTC_cdb8e.dir/CMakeCCompilerABI.c.obj' '-c' '-dumpdir' 'CMakeFiles/cmTC_cdb8e.dir/'
 /home/paco/.espressif/tools/xtensa-esp-elf/esp-13.2.0_20230928/xtensa-esp-elf/bin/../libexec/gcc/xtensa-esp-elf/13.2.0/cc1 -quiet -v -imultilib esp32 -iprefix /home/paco/.espressif/tools/xtensa-esp-elf/esp-13.2.0_20230928/xtensa-esp-elf/bin/../lib/gcc/xtensa-esp-elf/13.2.0/ /home/paco/.espressif/tools/cmake/3.24.0/share/cmake-3.24/Modules/CMakeCCompilerABI.c -quiet -dumpdir CMakeFiles/cmTC_cdb8e.dir/ -dumpbase CMakeCCompilerABI.c.c -dumpbase-ext .c -mdynconfig=xtensa_esp32.so -mlongcalls -Wno-frame-address -version -o /tmp/ccqFwHjf.s
GNU C17 (crosstool-NG esp-13.2.0_20230928) version 13.2.0 (xtensa-esp-elf)
	compiled by GNU C version 4.9.2, GMP version 6.2.1, MPFR version 4.1.0, MPC version 1.2.1, isl version isl-0.24-GMP

GGC heuristics: --param ggc-min-expand=100 --param ggc-min-heapsize=131072
ignoring duplicate directory "/home/paco/.espressif/tools/xtensa-esp-elf/esp-13.2.0_20230928/xtensa-esp-elf/bin/../lib/gcc/../../lib/gcc/xtensa-esp-elf/13.2.0/include"
ignoring duplicate directory "/home/paco/.espressif/tools/xtensa-esp-elf/esp-13.2.0_20230928/xtensa-esp-elf/bin/../lib/gcc/../../lib/gcc/xtensa-esp-elf/13.2.0/include-fixed"
ignoring duplicate directory "/home/paco/.espressif/tools/xtensa-esp-elf/esp-13.2.0_20230928/xtensa-esp-elf/bin/../lib/gcc/../../lib/gcc/xtensa-esp-elf/13.2.0/../../../../xtensa-esp-elf/sys-include"
ignoring duplicate directory "/home/paco/.espressif/tools/xtensa-esp-elf/esp-13.2.0_20230928/xtensa-esp-elf/bin/../lib/gcc/../../lib/gcc/xtensa-esp-elf/13.2.0/../../../../xtensa-esp-elf/include"
#include "..." search starts here:
#include <...> search starts here:
 /home/paco/.espressif/tools/xtensa-esp-elf/esp-13.2.0_20230928/xtensa-esp-elf/bin/../lib/gcc/xtensa-esp-elf/13.2.0/include
 /home/paco/.espressif/tools/xtensa-esp-elf/esp-13.2.0_20230928/xtensa-esp-elf/bin/../lib/gcc/xtensa-esp-elf/13.2.0/include-fixed
 /home/paco/.espressif/tools/xtensa-esp-elf/esp-13.2.0_20230928/xtensa-esp-elf/bin/../lib/gcc/xtensa-esp-elf/13.2.0/../../../../xtensa-esp-elf/sys-include
 /home/paco/.espressif/tools/xtensa-esp-elf/esp-13.2.0_20230928/xtensa-esp-elf/bin/../lib/gcc/xtensa-esp-elf/13.2.0/../../../../xtensa-esp-elf/include
End of search list.
Compiler executable checksum: 4539739640aaddb8d2d8a8b528c1da63
COLLECT_GCC_OPTIONS='-mdynconfig=xtensa_esp32.so' '-mlongcalls' '-Wno-frame-address' '-v' '-o' 'CMakeFiles/cmTC_cdb8e.dir/CMakeCCompilerABI.c.obj' '-c' '-dumpdir' 'CMakeFiles/cmTC_cdb8e.dir/'
 /home/paco/.espressif/tools/xtensa-esp-elf/esp-13.2.0_20230928/xtensa-esp-elf/bin/../lib/gcc/xtensa-esp-elf/13.2.0/../../../../xtensa-esp-elf/bin/as --traditional-format --longcalls --dynconfig=xtensa_esp32.so -o CMakeFiles/cmTC_cdb8e.dir/CMakeCCompilerABI.c.obj /tmp/ccqFwHjf.s
COMPILER_PATH=/home/paco/.espressif/tools/xtensa-esp-elf/esp-13.2.0_20230928/xtensa-esp-elf/bin/../libexec/gcc/xtensa-esp-elf/13.2.0/:/home/paco/.espressif/tools/xtensa-esp-elf/esp-13.2.0_20230928/xtensa-esp-elf/bin/../libexec/gcc/:/home/paco/.espressif/tools/xtensa-esp-elf/esp-13.2.0_20230928/xtensa-esp-elf/bin/../lib/gcc/xtensa-esp-elf/13.2.0/../../../../xtensa-esp-elf/bin/
LIBRARY_PATH=/home/paco/.espressif/tools/xtensa-esp-elf/esp-13.2.0_20230928/xtensa-esp-elf/bin/../lib/gcc/xtensa-esp-elf/13.2.0/esp32/:/home/paco/.espressif/tools/xtensa-esp-elf/esp-13.2.0_20230928/xtensa-esp-elf/bin/../lib/gcc/xtensa-esp-elf/13.2.0/../../../../xtensa-esp-elf/lib/esp32/:/home/paco/.espressif/tools/xtensa-esp-elf/esp-13.2.0_20230928/xtensa-esp-elf/bin/../lib/gcc/xtensa-esp-elf/13.2.0/:/home/paco/.espressif/tools/xtensa-esp-elf/esp-13.2.0_20230928/xtensa-esp-elf/bin/../lib/gcc/:/home/paco/.espressif/tools/xtensa-esp-elf/esp-13.2.0_20230928/xtensa-esp-elf/bin/../lib/gcc/xtensa-esp-elf/13.2.0/../../../../xtensa-esp-elf/lib/
COLLECT_GCC_OPTIONS='-mdynconfig=xtensa_esp32.so' '-mlongcalls' '-Wno-frame-address' '-v' '-o' 'CMakeFiles/cmTC_cdb8e.dir/CMakeCCompilerABI.c.obj' '-c' '-dumpdir' 'CMakeFiles/cmTC_cdb8e.dir/CMakeCCompilerABI.c.'
Linking C executable cmTC_cdb8e
/home/paco/.espressif/tools/cmake/3.24.0/bin/cmake -E cmake_link_script CMakeFiles/cmTC_cdb8e.dir/link.txt --verbose=1
/home/paco/.espressif/tools/xtensa-esp-elf/esp-13.2.0_20230928/xtensa-esp-elf/bin/xtensa-esp32-elf-gcc -mlongcalls -Wno-frame-address    -v CMakeFiles/cmTC_cdb8e.dir/CMakeCCompilerABI.c.obj -o cmTC_cdb8e 
Using built-in specs.
COLLECT_GCC=/home/paco/.espressif/tools/xtensa-esp-elf/esp-13.2.0_20230928/xtensa-esp-elf/bin/xtensa-esp-elf-gcc
COLLECT_LTO_WRAPPER=/home/paco/.espressif/tools/xtensa-esp-elf/esp-13.2.0_20230928/xtensa-esp-elf/bin/../libexec/gcc/xtensa-esp-elf/13.2.0/lto-wrapper
Target: xtensa-esp-elf
Configured with: /builds/idf/crosstool-NG/.build/xtensa-esp-elf/src/gcc/configure --build=x86_64-build_pc-linux-gnu --host=x86_64-build_pc-linux-gnu --target=xtensa-esp-elf --prefix=/builds/idf/crosstool-NG/builds/xtensa-esp-elf --exec_prefix=/builds/idf/crosstool-NG/builds/xtensa-esp-elf --with-local-prefix=/builds/idf/crosstool-NG/builds/xtensa-esp-elf/xtensa-esp-elf --with-headers=/builds/idf/crosstool-NG/builds/xtensa-esp-elf/xtensa-esp-elf/include --with-newlib --enable-threads=no --disable-shared --with-pkgversion='crosstool-NG esp-13.2.0_20230928' --disable-__cxa_atexit --enable-cxx-flags=-ffunction-sections --disable-libgomp --disable-libmudflap --disable-libmpx --disable-libssp --disable-libquadmath --disable-libquadmath-support --disable-libstdcxx-verbose --with-gmp=/builds/idf/crosstool-NG/.build/xtensa-esp-elf/buildtools --with-mpfr=/builds/idf/crosstool-NG/.build/xtensa-esp-elf/buildtools --with-mpc=/builds/idf/crosstool-NG/.build/xtensa-esp-elf/buildtools --with-isl=/builds/idf/crosstool-NG/.build/xtensa-esp-elf/buildtools --enable-lto --enable-target-optspace --without-long-double-128 --disable-nls --enable-multiarch --enable-languages=c,c++ --disable-libstdcxx-verbose --enable-threads=posix --enable-gcov-custom-rtio --enable-libstdcxx-time=yes
Thread model: posix
Supported LTO compression algorithms: zlib
gcc version 13.2.0 (crosstool-NG esp-13.2.0_20230928) 
COMPILER_PATH=/home/paco/.espressif/tools/xtensa-esp-elf/esp-13.2.0_20230928/xtensa-esp-elf/bin/../libexec/gcc/xtensa-esp-elf/13.2.0/:/home/paco/.espressif/tools/xtensa-esp-elf/esp-13.2.0_20230928/xtensa-esp-elf/bin/../libexec/gcc/:/home/paco/.espressif/tools/xtensa-esp-elf/esp-13.2.0_20230928/xtensa-esp-elf/bin/../lib/gcc/xtensa-esp-elf/13.2.0/../../../../xtensa-esp-elf/bin/
LIBRARY_PATH=/home/paco/.espressif/tools/xtensa-esp-elf/esp-13.2.0_20230928/xtensa-esp-elf/bin/../lib/gcc/xtensa-esp-elf/13.2.0/esp32/:/home/paco/.espressif/tools/xtensa-esp-elf/esp-13.2.0_20230928/xtensa-esp-elf/bin/../lib/gcc/xtensa-esp-elf/13.2.0/../../../../xtensa-esp-elf/lib/esp32/:/home/paco/.espressif/tools/xtensa-esp-elf/esp-13.2.0_20230928/xtensa-esp-elf/bin/../lib/gcc/xtensa-esp-elf/13.2.0/:/home/paco/.espressif/tools/xtensa-esp-elf/esp-13.2.0_20230928/xtensa-esp-elf/bin/../lib/gcc/:/home/paco/.espressif/tools/xtensa-esp-elf/esp-13.2.0_20230928/xtensa-esp-elf/bin/../lib/gcc/xtensa-esp-elf/13.2.0/../../../../xtensa-esp-elf/lib/
COLLECT_GCC_OPTIONS='-mdynconfig=xtensa_esp32.so' '-mlongcalls' '-Wno-frame-address' '-v' '-o' 'cmTC_cdb8e' '-dumpdir' 'cmTC_cdb8e.'
 /home/paco/.espressif/tools/xtensa-esp-elf/esp-13.2.0_20230928/xtensa-esp-elf/bin/../libexec/gcc/xtensa-esp-elf/13.2.0/collect2 -plugin /home/paco/.espressif/tools/xtensa-esp-elf/esp-13.2.0_20230928/xtensa-esp-elf/bin/../libexec/gcc/xtensa-esp-elf/13.2.0/liblto_plugin.so -plugin-opt=/home/paco/.espressif/tools/xtensa-esp-elf/esp-13.2.0_20230928/xtensa-esp-elf/bin/../libexec/gcc/xtensa-esp-elf/13.2.0/lto-wrapper -plugin-opt=-fresolution=/tmp/ccqy8E1r.res -plugin-opt=-pass-through=-lgcc -plugin-opt=-pass-through=-lc -plugin-opt=-pass-through=-lnosys -plugin-opt=-pass-through=-lc -plugin-opt=-pass-through=-lgcc --dynconfig=xtensa_esp32.so -o cmTC_cdb8e /home/paco/.espressif/tools/xtensa-esp-elf/esp-13.2.0_20230928/xtensa-esp-elf/bin/../lib/gcc/xtensa-esp-elf/13.2.0/../../../../xtensa-esp-elf/lib/esp32/crt0.o /home/paco/.espressif/tools/xtensa-esp-elf/esp-13.2.0_20230928/xtensa-esp-elf/bin/../lib/gcc/xtensa-esp-elf/13.2.0/esp32/crti.o /home/paco/.espressif/tools/xtensa-esp-elf/esp-13.2.0_20230928/xtensa-esp-elf/bin/../lib/gcc/xtensa-esp-elf/13.2.0/esp32/crtbegin.o -L/home/paco/.espressif/tools/xtensa-esp-elf/esp-13.2.0_20230928/xtensa-esp-elf/bin/../lib/gcc/xtensa-esp-elf/13.2.0/esp32 -L/home/paco/.espressif/tools/xtensa-esp-elf/esp-13.2.0_20230928/xtensa-esp-elf/bin/../lib/gcc/xtensa-esp-elf/13.2.0/../../../../xtensa-esp-elf/lib/esp32 -L/home/paco/.espressif/tools/xtensa-esp-elf/esp-13.2.0_20230928/xtensa-esp-elf/bin/../lib/gcc/xtensa-esp-elf/13.2.0 -L/home/paco/.espressif/tools/xtensa-esp-elf/esp-13.2.0_20230928/xtensa-esp-elf/bin/../lib/gcc -L/home/paco/.espressif/tools/xtensa-esp-elf/esp-13.2.0_20230928/xtensa-esp-elf/bin/../lib/gcc/xtensa-esp-elf/13.2.0/../../../../xtensa-esp-elf/lib CMakeFiles/cmTC_cdb8e.dir/CMakeCCompilerABI.c.obj -lgcc -lc -lnosys -lc -lgcc /home/paco/.espressif/tools/xtensa-esp-elf/esp-13.2.0_20230928/xtensa-esp-elf/bin/../lib/gcc/xtensa-esp-elf/13.2.0/esp32/crtend.o /home/paco/.espressif/tools/xtensa-esp-elf/esp-13.2.0_20230928/xtensa-esp-elf/bin/../lib/gcc/xtensa-esp-elf/13.2.0/esp32/crtn.o
COLLECT_GCC_OPTIONS='-mdynconfig=xtensa_esp32.so' '-mlongcalls' '-Wno-frame-address' '-v' '-o' 'cmTC_cdb8e' '-dumpdir' 'cmTC_cdb8e.'
make[1]: Leaving directory '/home/paco/proyectos/esp32/Demo_LVGL/5_1_LCD_Test/CMakeFiles/CMakeTmp'



Parsed C implicit include dir info from above output: rv=done
  found start of include info
  found start of implicit include info
    add: [/home/paco/.espressif/tools/xtensa-esp-elf/esp-13.2.0_20230928/xtensa-esp-elf/bin/../lib/gcc/xtensa-esp-elf/13.2.0/include]
    add: [/home/paco/.espressif/tools/xtensa-esp-elf/esp-13.2.0_20230928/xtensa-esp-elf/bin/../lib/gcc/xtensa-esp-elf/13.2.0/include-fixed]
    add: [/home/paco/.espressif/tools/xtensa-esp-elf/esp-13.2.0_20230928/xtensa-esp-elf/bin/../lib/gcc/xtensa-esp-elf/13.2.0/../../../../xtensa-esp-elf/sys-include]
    add: [/home/paco/.espressif/tools/xtensa-esp-elf/esp-13.2.0_20230928/xtensa-esp-elf/bin/../lib/gcc/xtensa-esp-elf/13.2.0/../../../../xtensa-esp-elf/include]
  end of search list found
  collapse include dir [/home/paco/.espressif/tools/xtensa-esp-elf/esp-13.2.0_20230928/xtensa-esp-elf/bin/../lib/gcc/xtensa-esp-elf/13.2.0/include] ==> [/home/paco/.espressif/tools/xtensa-esp-elf/esp-13.2.0_20230928/xtensa-esp-elf/lib/gcc/xtensa-esp-elf/13.2.0/include]
  collapse include dir [/home/paco/.espressif/tools/xtensa-esp-elf/esp-13.2.0_20230928/xtensa-esp-elf/bin/../lib/gcc/xtensa-esp-elf/13.2.0/include-fixed] ==> [/home/paco/.espressif/tools/xtensa-esp-elf/esp-13.2.0_20230928/xtensa-esp-elf/lib/gcc/xtensa-esp-elf/13.2.0/include-fixed]
  collapse include dir [/home/paco/.espressif/tools/xtensa-esp-elf/esp-13.2.0_20230928/xtensa-esp-elf/bin/../lib/gcc/xtensa-esp-elf/13.2.0/../../../../xtensa-esp-elf/sys-include] ==> [/home/paco/.espressif/tools/xtensa-esp-elf/esp-13.2.0_20230928/xtensa-esp-elf/xtensa-esp-elf/sys-include]
  collapse include dir [/home/paco/.espressif/tools/xtensa-esp-elf/esp-13.2.0_20230928/xtensa-esp-elf/bin/../lib/gcc/xtensa-esp-elf/13.2.0/../../../../xtensa-esp-elf/include] ==> [/home/paco/.espressif/tools/xtensa-esp-elf/esp-13.2.0_20230928/xtensa-esp-elf/xtensa-esp-elf/include]
  implicit include dirs: [/home/paco/.espressif/tools/xtensa-esp-elf/esp-13.2.0_20230928/xtensa-esp-elf/lib/gcc/xtensa-esp-elf/13.2.0/include;/home/paco/.espressif/tools/xtensa-esp-elf/esp-13.2.0_20230928/xtensa-esp-elf/lib/gcc/xtensa-esp-elf/13.2.0/include-fixed;/home/paco/.espressif/tools/xtensa-esp-elf/esp-13.2.0_20230928/xtensa-esp-elf/xtensa-esp-elf/sys-include;/home/paco/.espressif/tools/xtensa-esp-elf/esp-13.2.0_20230928/xtensa-esp-elf/xtensa-esp-elf/include]


Parsed C implicit link information from above output:
  link line regex: [^( *|.*[/\])(xtensa-esp32-elf-ld|CMAKE_LINK_STARTFILE-NOTFOUND|([^/\]+-)?ld|collect2)[^/\]*( |$)]
  ignore line: [Change Dir: /home/paco/proyectos/esp32/Demo_LVGL/5_1_LCD_Test/CMakeFiles/CMakeTmp]
  ignore line: []
  ignore line: [Run Build Command(s):/usr/bin/make -f Makefile cmTC_cdb8e/fast && /usr/bin/make  -f CMakeFiles/cmTC_cdb8e.dir/build.make CMakeFiles/cmTC_cdb8e.dir/build]
  ignore line: [make[1]: Entering directory '/home/paco/proyectos/esp32/Demo_LVGL/5_1_LCD_Test/CMakeFiles/CMakeTmp']
  ignore line: [Building C object CMakeFiles/cmTC_cdb8e.dir/CMakeCCompilerABI.c.obj]
  ignore line: [/home/paco/.espressif/tools/xtensa-esp-elf/esp-13.2.0_20230928/xtensa-esp-elf/bin/xtensa-esp32-elf-gcc   -mlongcalls -Wno-frame-address     -v -o CMakeFiles/cmTC_cdb8e.dir/CMakeCCompilerABI.c.obj -c /home/paco/.espressif/tools/cmake/3.24.0/share/cmake-3.24/Modules/CMakeCCompilerABI.c]
  ignore line: [Using built-in specs.]
  ignore line: [COLLECT_GCC=/home/paco/.espressif/tools/xtensa-esp-elf/esp-13.2.0_20230928/xtensa-esp-elf/bin/xtensa-esp-elf-gcc]
  ignore line: [Target: xtensa-esp-elf]
  ignore line: [Configured with: /builds/idf/crosstool-NG/.build/xtensa-esp-elf/src/gcc/configure --build=x86_64-build_pc-linux-gnu --host=x86_64-build_pc-linux-gnu --target=xtensa-esp-elf --prefix=/builds/idf/crosstool-NG/builds/xtensa-esp-elf --exec_prefix=/builds/idf/crosstool-NG/builds/xtensa-esp-elf --with-local-prefix=/builds/idf/crosstool-NG/builds/xtensa-esp-elf/xtensa-esp-elf --with-headers=/builds/idf/crosstool-NG/builds/xtensa-esp-elf/xtensa-esp-elf/include --with-newlib --enable-threads=no --disable-shared --with-pkgversion='crosstool-NG esp-13.2.0_20230928' --disable-__cxa_atexit --enable-cxx-flags=-ffunction-sections --disable-libgomp --disable-libmudflap --disable-libmpx --disable-libssp --disable-libquadmath --disable-libquadmath-support --disable-libstdcxx-verbose --with-gmp=/builds/idf/crosstool-NG/.build/xtensa-esp-elf/buildtools --with-mpfr=/builds/idf/crosstool-NG/.build/xtensa-esp-elf/buildtools --with-mpc=/builds/idf/crosstool-NG/.build/xtensa-esp-elf/buildtools --with-isl=/builds/idf/crosstool-NG/.build/xtensa-esp-elf/buildtools --enable-lto --enable-target-optspace --without-long-double-128 --disable-nls --enable-multiarch --enable-languages=c c++ --disable-libstdcxx-verbose --enable-threads=posix --enable-gcov-custom-rtio --enable-libstdcxx-time=yes]
  ignore line: [Thread model: posix]
  ignore line: [Supported LTO compression algorithms: zlib]
  ignore line: [gcc version 13.2.0 (crosstool-NG esp-13.2.0_20230928) ]
  ignore line: [COLLECT_GCC_OPTIONS='-mdynconfig=xtensa_esp32.so' '-mlongcalls' '-Wno-frame-address' '-v' '-o' 'CMakeFiles/cmTC_cdb8e.dir/CMakeCCompilerABI.c.obj' '-c' '-dumpdir' 'CMakeFiles/cmTC_cdb8e.dir/']
  ignore line: [ /home/paco/.espressif/tools/xtensa-esp-elf/esp-13.2.0_20230928/xtensa-esp-elf/bin/../libexec/gcc/xtensa-esp-elf/13.2.0/cc1 -quiet -v -imultilib esp32 -iprefix /home/paco/.espressif/tools/xtensa-esp-elf/esp-13.2.0_20230928/xtensa-esp-elf/bin/../lib/gcc/xtensa-esp-elf/13.2.0/ /home/paco/.espressif/tools/cmake/3.24.0/share/cmake-3.24/Modules/CMakeCCompilerABI.c -quiet -dumpdir CMakeFiles/cmTC_cdb8e.dir/ -dumpbase CMakeCCompilerABI.c.c -dumpbase-ext .c -mdynconfig=xtensa_esp32.so -mlongcalls -Wno-frame-address -version -o /tmp/ccqFwHjf.s]
  ignore line: [GNU C17 (crosstool-NG esp-13.2.0_20230928) version 13.2.0 (xtensa-esp-elf)]
  ignore line: [	compiled by GNU C version 4.9.2  GMP version 6.2.1  MPFR version 4.1.0  MPC version 1.2.1  isl version isl-0.24-GMP]
  ignore line: []
  ignore line: [GGC heuristics: --param ggc-min-expand=100 --param ggc-min-heapsize=131072]
  ignore line: [ignoring duplicate directory "/home/paco/.espressif/tools/xtensa-esp-elf/esp-13.2.0_20230928/xtensa-esp-elf/bin/../lib/gcc/../../lib/gcc/xtensa-esp-elf/13.2.0/include"]
  ignore line: [ignoring duplicate directory "/home/paco/.espressif/tools/xtensa-esp-elf/esp-13.2.0_20230928/xtensa-esp-elf/bin/../lib/gcc/../../lib/gcc/xtensa-esp-elf/13.2.0/include-fixed"]
  ignore line: [ignoring duplicate directory "/home/paco/.espressif/tools/xtensa-esp-elf/esp-13.2.0_20230928/xtensa-esp-elf/bin/../lib/gcc/../../lib/gcc/xtensa-esp-elf/13.2.0/../../../../xtensa-esp-elf/sys-include"]
  ignore line: [ignoring duplicate directory "/home/paco/.espressif/tools/xtensa-esp-elf/esp-13.2.0_20230928/xtensa-esp-elf/bin/../lib/gcc/../../lib/gcc/xtensa-esp-elf/13.2.0/../../../../xtensa-esp-elf/include"]
  ignore line: [#include "..." search starts here:]
  ignore line: [#include <...> search starts here:]
  ignore line: [ /home/paco/.espressif/tools/xtensa-esp-elf/esp-13.2.0_20230928/xtensa-esp-elf/bin/../lib/gcc/xtensa-esp-elf/13.2.0/include]
  ignore line: [ /home/paco/.espressif/tools/xtensa-esp-elf/esp-13.2.0_20230928/xtensa-esp-elf/bin/../lib/gcc/xtensa-esp-elf/13.2.0/include-fixed]
  ignore line: [ /home/paco/.espressif/tools/xtensa-esp-elf/esp-13.2.0_20230928/xtensa-esp-elf/bin/../lib/gcc/xtensa-esp-elf/13.2.0/../../../../xtensa-esp-elf/sys-include]
  ignore line: [ /home/paco/.espressif/tools/xtensa-esp-elf/esp-13.2.0_20230928/xtensa-esp-elf/bin/../lib/gcc/xtensa-esp-elf/13.2.0/../../../../xtensa-esp-elf/include]
  ignore line: [End of search list.]
  ignore line: [Compiler executable checksum: 4539739640aaddb8d2d8a8b528c1da63]
  ignore line: [COLLECT_GCC_OPTIONS='-mdynconfig=xtensa_esp32.so' '-mlongcalls' '-Wno-frame-address' '-v' '-o' 'CMakeFiles/cmTC_cdb8e.dir/CMakeCCompilerABI.c.obj' '-c' '-dumpdir' 'CMakeFiles/cmTC_cdb8e.dir/']
  ignore line: [ /home/paco/.espressif/tools/xtensa-esp-elf/esp-13.2.0_20230928/xtensa-esp-elf/bin/../lib/gcc/xtensa-esp-elf/13.2.0/../../../../xtensa-esp-elf/bin/as --traditional-format --longcalls --dynconfig=xtensa_esp32.so -o CMakeFiles/cmTC_cdb8e.dir/CMakeCCompilerABI.c.obj /tmp/ccqFwHjf.s]
  ignore line: [COMPILER_PATH=/home/paco/.espressif/tools/xtensa-esp-elf/esp-13.2.0_20230928/xtensa-esp-elf/bin/../libexec/gcc/xtensa-esp-elf/13.2.0/:/home/paco/.espressif/tools/xtensa-esp-elf/esp-13.2.0_20230928/xtensa-esp-elf/bin/../libexec/gcc/:/home/paco/.espressif/tools/xtensa-esp-elf/esp-13.2.0_20230928/xtensa-esp-elf/bin/../lib/gcc/xtensa-esp-elf/13.2.0/../../../../xtensa-esp-elf/bin/]
  ignore line: [LIBRARY_PATH=/home/paco/.espressif/tools/xtensa-esp-elf/esp-13.2.0_20230928/xtensa-esp-elf/bin/../lib/gcc/xtensa-esp-elf/13.2.0/esp32/:/home/paco/.espressif/tools/xtensa-esp-elf/esp-13.2.0_20230928/xtensa-esp-elf/bin/../lib/gcc/xtensa-esp-elf/13.2.0/../../../../xtensa-esp-elf/lib/esp32/:/home/paco/.espressif/tools/xtensa-esp-elf/esp-13.2.0_20230928/xtensa-esp-elf/bin/../lib/gcc/xtensa-esp-elf/13.2.0/:/home/paco/.espressif/tools/xtensa-esp-elf/esp-13.2.0_20230928/xtensa-esp-elf/bin/../lib/gcc/:/home/paco/.espressif/tools/xtensa-esp-elf/esp-13.2.0_20230928/xtensa-esp-elf/bin/../lib/gcc/xtensa-esp-elf/13.2.0/../../../../xtensa-esp-elf/lib/]
  ignore line: [COLLECT_GCC_OPTIONS='-mdynconfig=xtensa_esp32.so' '-mlongcalls' '-Wno-frame-address' '-v' '-o' 'CMakeFiles/cmTC_cdb8e.dir/CMakeCCompilerABI.c.obj' '-c' '-dumpdir' 'CMakeFiles/cmTC_cdb8e.dir/CMakeCCompilerABI.c.']
  ignore line: [Linking C executable cmTC_cdb8e]
  ignore line: [/home/paco/.espressif/tools/cmake/3.24.0/bin/cmake -E cmake_link_script CMakeFiles/cmTC_cdb8e.dir/link.txt --verbose=1]
  ignore line: [/home/paco/.espressif/tools/xtensa-esp-elf/esp-13.2.0_20230928/xtensa-esp-elf/bin/xtensa-esp32-elf-gcc -mlongcalls -Wno-frame-address    -v CMakeFiles/cmTC_cdb8e.dir/CMakeCCompilerABI.c.obj -o cmTC_cdb8e ]
  ignore line: [Using built-in specs.]
  ignore line: [COLLECT_GCC=/home/paco/.espressif/tools/xtensa-esp-elf/esp-13.2.0_20230928/xtensa-esp-elf/bin/xtensa-esp-elf-gcc]
  ignore line: [COLLECT_LTO_WRAPPER=/home/paco/.espressif/tools/xtensa-esp-elf/esp-13.2.0_20230928/xtensa-esp-elf/bin/../libexec/gcc/xtensa-esp-elf/13.2.0/lto-wrapper]
  ignore line: [Target: xtensa-esp-elf]
  ignore line: [Configured with: /builds/idf/crosstool-NG/.build/xtensa-esp-elf/src/gcc/configure --build=x86_64-build_pc-linux-gnu --host=x86_64-build_pc-linux-gnu --target=xtensa-esp-elf --prefix=/builds/idf/crosstool-NG/builds/xtensa-esp-elf --exec_prefix=/builds/idf/crosstool-NG/builds/xtensa-esp-elf --with-local-prefix=/builds/idf/crosstool-NG/builds/xtensa-esp-elf/xtensa-esp-elf --with-headers=/builds/idf/crosstool-NG/builds/xtensa-esp-elf/xtensa-esp-elf/include --with-newlib --enable-threads=no --disable-shared --with-pkgversion='crosstool-NG esp-13.2.0_20230928' --disable-__cxa_atexit --enable-cxx-flags=-ffunction-sections --disable-libgomp --disable-libmudflap --disable-libmpx --disable-libssp --disable-libquadmath --disable-libquadmath-support --disable-libstdcxx-verbose --with-gmp=/builds/idf/crosstool-NG/.build/xtensa-esp-elf/buildtools --with-mpfr=/builds/idf/crosstool-NG/.build/xtensa-esp-elf/buildtools --with-mpc=/builds/idf/crosstool-NG/.build/xtensa-esp-elf/buildtools --with-isl=/builds/idf/crosstool-NG/.build/xtensa-esp-elf/buildtools --enable-lto --enable-target-optspace --without-long-double-128 --disable-nls --enable-multiarch --enable-languages=c c++ --disable-libstdcxx-verbose --enable-threads=posix --enable-gcov-custom-rtio --enable-libstdcxx-time=yes]
  ignore line: [Thread model: posix]
  ignore line: [Supported LTO compression algorithms: zlib]
  ignore line: [gcc version 13.2.0 (crosstool-NG esp-13.2.0_20230928) ]
  ignore line: [COMPILER_PATH=/home/paco/.espressif/tools/xtensa-esp-elf/esp-13.2.0_20230928/xtensa-esp-elf/bin/../libexec/gcc/xtensa-esp-elf/13.2.0/:/home/paco/.espressif/tools/xtensa-esp-elf/esp-13.2.0_20230928/xtensa-esp-elf/bin/../libexec/gcc/:/home/paco/.espressif/tools/xtensa-esp-elf/esp-13.2.0_20230928/xtensa-esp-elf/bin/../lib/gcc/xtensa-esp-elf/13.2.0/../../../../xtensa-esp-elf/bin/]
  ignore line: [LIBRARY_PATH=/home/paco/.espressif/tools/xtensa-esp-elf/esp-13.2.0_20230928/xtensa-esp-elf/bin/../lib/gcc/xtensa-esp-elf/13.2.0/esp32/:/home/paco/.espressif/tools/xtensa-esp-elf/esp-13.2.0_20230928/xtensa-esp-elf/bin/../lib/gcc/xtensa-esp-elf/13.2.0/../../../../xtensa-esp-elf/lib/esp32/:/home/paco/.espressif/tools/xtensa-esp-elf/esp-13.2.0_20230928/xtensa-esp-elf/bin/../lib/gcc/xtensa-esp-elf/13.2.0/:/home/paco/.espressif/tools/xtensa-esp-elf/esp-13.2.0_20230928/xtensa-esp-elf/bin/../lib/gcc/:/home/paco/.espressif/tools/xtensa-esp-elf/esp-13.2.0_20230928/xtensa-esp-elf/bin/../lib/gcc/xtensa-esp-elf/13.2.0/../../../../xtensa-esp-elf/lib/]
  ignore line: [COLLECT_GCC_OPTIONS='-mdynconfig=xtensa_esp32.so' '-mlongcalls' '-Wno-frame-address' '-v' '-o' 'cmTC_cdb8e' '-dumpdir' 'cmTC_cdb8e.']
  link line: [ /home/paco/.espressif/tools/xtensa-esp-elf/esp-13.2.0_20230928/xtensa-esp-elf/bin/../libexec/gcc/xtensa-esp-elf/13.2.0/collect2 -plugin /home/paco/.espressif/tools/xtensa-esp-elf/esp-13.2.0_20230928/xtensa-esp-elf/bin/../libexec/gcc/xtensa-esp-elf/13.2.0/liblto_plugin.so -plugin-opt=/home/paco/.espressif/tools/xtensa-esp-elf/esp-13.2.0_20230928/xtensa-esp-elf/bin/../libexec/gcc/xtensa-esp-elf/13.2.0/lto-wrapper -plugin-opt=-fresolution=/tmp/ccqy8E1r.res -plugin-opt=-pass-through=-lgcc -plugin-opt=-pass-through=-lc -plugin-opt=-pass-through=-lnosys -plugin-opt=-pass-through=-lc -plugin-opt=-pass-through=-lgcc --dynconfig=xtensa_esp32.so -o cmTC_cdb8e /home/paco/.espressif/tools/xtensa-esp-elf/esp-13.2.0_20230928/xtensa-esp-elf/bin/../lib/gcc/xtensa-esp-elf/13.2.0/../../../../xtensa-esp-elf/lib/esp32/crt0.o /home/paco/.espressif/tools/xtensa-esp-elf/esp-13.2.0_20230928/xtensa-esp-elf/bin/../lib/gcc/xtensa-esp-elf/13.2.0/esp32/crti.o /home/paco/.espressif/tools/xtensa-esp-elf/esp-13.2.0_20230928/xtensa-esp-elf/bin/../lib/gcc/xtensa-esp-elf/13.2.0/esp32/crtbegin.o -L/home/paco/.espressif/tools/xtensa-esp-elf/esp-13.2.0_20230928/xtensa-esp-elf/bin/../lib/gcc/xtensa-esp-elf/13.2.0/esp32 -L/home/paco/.espressif/tools/xtensa-esp-elf/esp-13.2.0_20230928/xtensa-esp-elf/bin/../lib/gcc/xtensa-esp-elf/13.2.0/../../../../xtensa-esp-elf/lib/esp32 -L/home/paco/.espressif/tools/xtensa-esp-elf/esp-13.2.0_20230928/xtensa-esp-elf/bin/../lib/gcc/xtensa-esp-elf/13.2.0 -L/home/paco/.espressif/tools/xtensa-esp-elf/esp-13.2.0_20230928/xtensa-esp-elf/bin/../lib/gcc -L/home/paco/.espressif/tools/xtensa-esp-elf/esp-13.2.0_20230928/xtensa-esp-elf/bin/../lib/gcc/xtensa-esp-elf/13.2.0/../../../../xtensa-esp-elf/lib CMakeFiles/cmTC_cdb8e.dir/CMakeCCompilerABI.c.obj -lgcc -lc -lnosys -lc -lgcc /home/paco/.espressif/tools/xtensa-esp-elf/esp-13.2.0_20230928/xtensa-esp-elf/bin/../lib/gcc/xtensa-esp-elf/13.2.0/esp32/crtend.o /home/paco/.espressif/tools/xtensa-esp-elf/esp-13.2.0_20230928/xtensa-esp-elf/bin/../lib/gcc/xtensa-esp-elf/13.2.0/esp32/crtn.o]
    arg [/home/paco/.espressif/tools/xtensa-esp-elf/esp-13.2.0_20230928/xtensa-esp-elf/bin/../libexec/gcc/xtensa-esp-elf/13.2.0/collect2] ==> ignore
    arg [-plugin] ==> ignore
    arg [/home/paco/.espressif/tools/xtensa-esp-elf/esp-13.2.0_20230928/xtensa-esp-elf/bin/../libexec/gcc/xtensa-esp-elf/13.2.0/liblto_plugin.so] ==> ignore
    arg [-plugin-opt=/home/paco/.espressif/tools/xtensa-esp-elf/esp-13.2.0_20230928/xtensa-esp-elf/bin/../libexec/gcc/xtensa-esp-elf/13.2.0/lto-wrapper] ==> ignore
    arg [-plugin-opt=-fresolution=/tmp/ccqy8E1r.res] ==> ignore
    arg [-plugin-opt=-pass-through=-lgcc] ==> ignore
    arg [-plugin-opt=-pass-through=-lc] ==> ignore
    arg [-plugin-opt=-pass-through=-lnosys] ==> ignore
    arg [-plugin-opt=-pass-through=-lc] ==> ignore
    arg [-plugin-opt=-pass-through=-lgcc] ==> ignore
    arg [--dynconfig=xtensa_esp32.so] ==> ignore
    arg [-o] ==> ignore
    arg [cmTC_cdb8e] ==> ignore
    arg [/home/paco/.espressif/tools/xtensa-esp-elf/esp-13.2.0_20230928/xtensa-esp-elf/bin/../lib/gcc/xtensa-esp-elf/13.2.0/../../../../xtensa-esp-elf/lib/esp32/crt0.o] ==> obj [/home/paco/.espressif/tools/xtensa-esp-elf/esp-13.2.0_20230928/xtensa-esp-elf/bin/../lib/gcc/xtensa-esp-elf/13.2.0/../../../../xtensa-esp-elf/lib/esp32/crt0.o]
    arg [/home/paco/.espressif/tools/xtensa-esp-elf/esp-13.2.0_20230928/xtensa-esp-elf/bin/../lib/gcc/xtensa-esp-elf/13.2.0/esp32/crti.o] ==> obj [/home/paco/.espressif/tools/xtensa-esp-elf/esp-13.2.0_20230928/xtensa-esp-elf/bin/../lib/gcc/xtensa-esp-elf/13.2.0/esp32/crti.o]
    arg [/home/paco/.espressif/tools/xtensa-esp-elf/esp-13.2.0_20230928/xtensa-esp-elf/bin/../lib/gcc/xtensa-esp-elf/13.2.0/esp32/crtbegin.o] ==> obj [/home/paco/.espressif/tools/xtensa-esp-elf/esp-13.2.0_20230928/xtensa-esp-elf/bin/../lib/gcc/xtensa-esp-elf/13.2.0/esp32/crtbegin.o]
    arg [-L/home/paco/.espressif/tools/xtensa-esp-elf/esp-13.2.0_20230928/xtensa-esp-elf/bin/../lib/gcc/xtensa-esp-elf/13.2.0/esp32] ==> dir [/home/paco/.espressif/tools/xtensa-esp-elf/esp-13.2.0_20230928/xtensa-esp-elf/bin/../lib/gcc/xtensa-esp-elf/13.2.0/esp32]
    arg [-L/home/paco/.espressif/tools/xtensa-esp-elf/esp-13.2.0_20230928/xtensa-esp-elf/bin/../lib/gcc/xtensa-esp-elf/13.2.0/../../../../xtensa-esp-elf/lib/esp32] ==> dir [/home/paco/.espressif/tools/xtensa-esp-elf/esp-13.2.0_20230928/xtensa-esp-elf/bin/../lib/gcc/xtensa-esp-elf/13.2.0/../../../../xtensa-esp-elf/lib/esp32]
    arg [-L/home/paco/.espressif/tools/xtensa-esp-elf/esp-13.2.0_20230928/xtensa-esp-elf/bin/../lib/gcc/xtensa-esp-elf/13.2.0] ==> dir [/home/paco/.espressif/tools/xtensa-esp-elf/esp-13.2.0_20230928/xtensa-esp-elf/bin/../lib/gcc/xtensa-esp-elf/13.2.0]
    arg [-L/home/paco/.espressif/tools/xtensa-esp-elf/esp-13.2.0_20230928/xtensa-esp-elf/bin/../lib/gcc] ==> dir [/home/paco/.espressif/tools/xtensa-esp-elf/esp-13.2.0_20230928/xtensa-esp-elf/bin/../lib/gcc]
    arg [-L/home/paco/.espressif/tools/xtensa-esp-elf/esp-13.2.0_20230928/xtensa-esp-elf/bin/../lib/gcc/xtensa-esp-elf/13.2.0/../../../../xtensa-esp-elf/lib] ==> dir [/home/paco/.espressif/tools/xtensa-esp-elf/esp-13.2.0_20230928/xtensa-esp-elf/bin/../lib/gcc/xtensa-esp-elf/13.2.0/../../../../xtensa-esp-elf/lib]
    arg [CMakeFiles/cmTC_cdb8e.dir/CMakeCCompilerABI.c.obj] ==> ignore
    arg [-lgcc] ==> lib [gcc]
    arg [-lc] ==> lib [c]
    arg [-lnosys] ==> lib [nosys]
    arg [-lc] ==> lib [c]
    arg [-lgcc] ==> lib [gcc]
    arg [/home/paco/.espressif/tools/xtensa-esp-elf/esp-13.2.0_20230928/xtensa-esp-elf/bin/../lib/gcc/xtensa-esp-elf/13.2.0/esp32/crtend.o] ==> obj [/home/paco/.espressif/tools/xtensa-esp-elf/esp-13.2.0_20230928/xtensa-esp-elf/bin/../lib/gcc/xtensa-esp-elf/13.2.0/esp32/crtend.o]
    arg [/home/paco/.espressif/tools/xtensa-esp-elf/esp-13.2.0_20230928/xtensa-esp-elf/bin/../lib/gcc/xtensa-esp-elf/13.2.0/esp32/crtn.o] ==> obj [/home/paco/.espressif/tools/xtensa-esp-elf/esp-13.2.0_20230928/xtensa-esp-elf/bin/../lib/gcc/xtensa-esp-elf/13.2.0/esp32/crtn.o]
  collapse obj [/home/paco/.espressif/tools/xtensa-esp-elf/esp-13.2.0_20230928/xtensa-esp-elf/bin/../lib/gcc/xtensa-esp-elf/13.2.0/../../../../xtensa-esp-elf/lib/esp32/crt0.o] ==> [/home/paco/.espressif/tools/xtensa-esp-elf/esp-13.2.0_20230928/xtensa-esp-elf/xtensa-esp-elf/lib/esp32/crt0.o]
  collapse obj [/home/paco/.espressif/tools/xtensa-esp-elf/esp-13.2.0_20230928/xtensa-esp-elf/bin/../lib/gcc/xtensa-esp-elf/13.2.0/esp32/crti.o] ==> [/home/paco/.espressif/tools/xtensa-esp-elf/esp-13.2.0_20230928/xtensa-esp-elf/lib/gcc/xtensa-esp-elf/13.2.0/esp32/crti.o]
  collapse obj [/home/paco/.espressif/tools/xtensa-esp-elf/esp-13.2.0_20230928/xtensa-esp-elf/bin/../lib/gcc/xtensa-esp-elf/13.2.0/esp32/crtbegin.o] ==> [/home/paco/.espressif/tools/xtensa-esp-elf/esp-13.2.0_20230928/xtensa-esp-elf/lib/gcc/xtensa-esp-elf/13.2.0/esp32/crtbegin.o]
  collapse obj [/home/paco/.espressif/tools/xtensa-esp-elf/esp-13.2.0_20230928/xtensa-esp-elf/bin/../lib/gcc/xtensa-esp-elf/13.2.0/esp32/crtend.o] ==> [/home/paco/.espressif/tools/xtensa-esp-elf/esp-13.2.0_20230928/xtensa-esp-elf/lib/gcc/xtensa-esp-elf/13.2.0/esp32/crtend.o]
  collapse obj [/home/paco/.espressif/tools/xtensa-esp-elf/esp-13.2.0_20230928/xtensa-esp-elf/bin/../lib/gcc/xtensa-esp-elf/13.2.0/esp32/crtn.o] ==> [/home/paco/.espressif/tools/xtensa-esp-elf/esp-13.2.0_20230928/xtensa-esp-elf/lib/gcc/xtensa-esp-elf/13.2.0/esp32/crtn.o]
  collapse library dir [/home/paco/.espressif/tools/xtensa-esp-elf/esp-13.2.0_20230928/xtensa-esp-elf/bin/../lib/gcc/xtensa-esp-elf/13.2.0/esp32] ==> [/home/paco/.espressif/tools/xtensa-esp-elf/esp-13.2.0_20230928/xtensa-esp-elf/lib/gcc/xtensa-esp-elf/13.2.0/esp32]
  collapse library dir [/home/paco/.espressif/tools/xtensa-esp-elf/esp-13.2.0_20230928/xtensa-esp-elf/bin/../lib/gcc/xtensa-esp-elf/13.2.0/../../../../xtensa-esp-elf/lib/esp32] ==> [/home/paco/.espressif/tools/xtensa-esp-elf/esp-13.2.0_20230928/xtensa-esp-elf/xtensa-esp-elf/lib/esp32]
  collapse library dir [/home/paco/.espressif/tools/xtensa-esp-elf/esp-13.2.0_20230928/xtensa-esp-elf/bin/../lib/gcc/xtensa-esp-elf/13.2.0] ==> [/home/paco/.espressif/tools/xtensa-esp-elf/esp-13.2.0_20230928/xtensa-esp-elf/lib/gcc/xtensa-esp-elf/13.2.0]
  collapse library dir [/home/paco/.espressif/tools/xtensa-esp-elf/esp-13.2.0_20230928/xtensa-esp-elf/bin/../lib/gcc] ==> [/home/paco/.espressif/tools/xtensa-esp-elf/esp-13.2.0_20230928/xtensa-esp-elf/lib/gcc]
  collapse library dir [/home/paco/.espressif/tools/xtensa-esp-elf/esp-13.2.0_20230928/xtensa-esp-elf/bin/../lib/gcc/xtensa-esp-elf/13.2.0/../../../../xtensa-esp-elf/lib] ==> [/home/paco/.espressif/tools/xtensa-esp-elf/esp-13.2.0_20230928/xtensa-esp-elf/xtensa-esp-elf/lib]
  implicit libs: [gcc;c;nosys;c;gcc]
  implicit objs: [/home/paco/.espressif/tools/xtensa-esp-elf/esp-13.2.0_20230928/xtensa-esp-elf/xtensa-esp-elf/lib/esp32/crt0.o;/home/paco/.espressif/tools/xtensa-esp-elf/esp-13.2.0_20230928/xtensa-esp-elf/lib/gcc/xtensa-esp-elf/13.2.0/esp32/crti.o;/home/paco/.espressif/tools/xtensa-esp-elf/esp-13.2.0_20230928/xtensa-esp-elf/lib/gcc/xtensa-esp-elf/13.2.0/esp32/crtbegin.o;/home/paco/.espressif/tools/xtensa-esp-elf/esp-13.2.0_20230928/xtensa-esp-elf/lib/gcc/xtensa-esp-elf/13.2.0/esp32/crtend.o;/home/paco/.espressif/tools/xtensa-esp-elf/esp-13.2.0_20230928/xtensa-esp-elf/lib/gcc/xtensa-esp-elf/13.2.0/esp32/crtn.o]
  implicit dirs: [/home/paco/.espressif/tools/xtensa-esp-elf/esp-13.2.0_20230928/xtensa-esp-elf/lib/gcc/xtensa-esp-elf/13.2.0/esp32;/home/paco/.espressif/tools/xtensa-esp-elf/esp-13.2.0_20230928/xtensa-esp-elf/xtensa-esp-elf/lib/esp32;/home/paco/.espressif/tools/xtensa-esp-elf/esp-13.2.0_20230928/xtensa-esp-elf/lib/gcc/xtensa-esp-elf/13.2.0;/home/paco/.espressif/tools/xtensa-esp-elf/esp-13.2.0_20230928/xtensa-esp-elf/lib/gcc;/home/paco/.espressif/tools/xtensa-esp-elf/esp-13.2.0_20230928/xtensa-esp-elf/xtensa-esp-elf/lib]
  implicit fwks: []


Detecting CXX compiler ABI info compiled with the following output:
Change Dir: /home/paco/proyectos/esp32/Demo_LVGL/5_1_LCD_Test/CMakeFiles/CMakeTmp

Run Build Command(s):/usr/bin/make -f Makefile cmTC_c3e70/fast && /usr/bin/make  -f CMakeFiles/cmTC_c3e70.dir/build.make CMakeFiles/cmTC_c3e70.dir/build
make[1]: Entering directory '/home/paco/proyectos/esp32/Demo_LVGL/5_1_LCD_Test/CMakeFiles/CMakeTmp'
Building CXX object CMakeFiles/cmTC_c3e70.dir/CMakeCXXCompilerABI.cpp.obj
/home/paco/.espressif/tools/xtensa-esp-elf/esp-13.2.0_20230928/xtensa-esp-elf/bin/xtensa-esp32-elf-g++   -mlongcalls -Wno-frame-address     -v -o CMakeFiles/cmTC_c3e70.dir/CMakeCXXCompilerABI.cpp.obj -c /home/paco/.espressif/tools/cmake/3.24.0/share/cmake-3.24/Modules/CMakeCXXCompilerABI.cpp
Using built-in specs.
COLLECT_GCC=/home/paco/.espressif/tools/xtensa-esp-elf/esp-13.2.0_20230928/xtensa-esp-elf/bin/xtensa-esp-elf-g++
Target: xtensa-esp-elf
Configured with: /builds/idf/crosstool-NG/.build/xtensa-esp-elf/src/gcc/configure --build=x86_64-build_pc-linux-gnu --host=x86_64-build_pc-linux-gnu --target=xtensa-esp-elf --prefix=/builds/idf/crosstool-NG/builds/xtensa-esp-elf --exec_prefix=/builds/idf/crosstool-NG/builds/xtensa-esp-elf --with-local-prefix=/builds/idf/crosstool-NG/builds/xtensa-esp-elf/xtensa-esp-elf --with-headers=/builds/idf/crosstool-NG/builds/xtensa-esp-elf/xtensa-esp-elf/include --with-newlib --enable-threads=no --disable-shared --with-pkgversion='crosstool-NG esp-13.2.0_20230928' --disable-__cxa_atexit --enable-cxx-flags=-ffunction-sections --disable-libgomp --disable-libmudflap --disable-libmpx --disable-libssp --disable-libquadmath --disable-libquadmath-support --disable-libstdcxx-verbose --with-gmp=/builds/idf/crosstool-NG/.build/xtensa-esp-elf/buildtools --with-mpfr=/builds/idf/crosstool-NG/.build/xtensa-esp-elf/buildtools --with-mpc=/builds/idf/crosstool-NG/.build/xtensa-esp-elf/buildtools --with-isl=/builds/idf/crosstool-NG/.build/xtensa-esp-elf/buildtools --enable-lto --enable-target-optspace --without-long-double-128 --disable-nls --enable-multiarch --enable-languages=c,c++ --disable-libstdcxx-verbose --enable-threads=posix --enable-gcov-custom-rtio --enable-libstdcxx-time=yes
Thread model: posix
Supported LTO compression algorithms: zlib
gcc version 13.2.0 (crosstool-NG esp-13.2.0_20230928) 
COLLECT_GCC_OPTIONS='-mdynconfig=xtensa_esp32.so' '-mlongcalls' '-Wno-frame-address' '-v' '-o' 'CMakeFiles/cmTC_c3e70.dir/CMakeCXXCompilerABI.cpp.obj' '-c' '-dumpdir' 'CMakeFiles/cmTC_c3e70.dir/'
 /home/paco/.espressif/tools/xtensa-esp-elf/esp-13.2.0_20230928/xtensa-esp-elf/bin/../libexec/gcc/xtensa-esp-elf/13.2.0/cc1plus -quiet -v -imultilib esp32 -iprefix /home/paco/.espressif/tools/xtensa-esp-elf/esp-13.2.0_20230928/xtensa-esp-elf/bin/../lib/gcc/xtensa-esp-elf/13.2.0/ /home/paco/.espressif/tools/cmake/3.24.0/share/cmake-3.24/Modules/CMakeCXXCompilerABI.cpp -quiet -dumpdir CMakeFiles/cmTC_c3e70.dir/ -dumpbase CMakeCXXCompilerABI.cpp.cpp -dumpbase-ext .cpp -mdynconfig=xtensa_esp32.so -mlongcalls -Wno-frame-address -version -o /tmp/cc3bOzF7.s
GNU C++17 (crosstool-NG esp-13.2.0_20230928) version 13.2.0 (xtensa-esp-elf)
	compiled by GNU C version 4.9.2, GMP version 6.2.1, MPFR version 4.1.0, MPC version 1.2.1, isl version isl-0.24-GMP

GGC heuristics: --param ggc-min-expand=100 --param ggc-min-heapsize=131072
ignoring duplicate directory "/home/paco/.espressif/tools/xtensa-esp-elf/esp-13.2.0_20230928/xtensa-esp-elf/bin/../lib/gcc/../../lib/gcc/xtensa-esp-elf/13.2.0/../../../../xtensa-esp-elf/include/c++/13.2.0"
ignoring duplicate directory "/home/paco/.espressif/tools/xtensa-esp-elf/esp-13.2.0_20230928/xtensa-esp-elf/bin/../lib/gcc/../../lib/gcc/xtensa-esp-elf/13.2.0/../../../../xtensa-esp-elf/include/c++/13.2.0/xtensa-esp-elf/esp32"
ignoring duplicate directory "/home/paco/.espressif/tools/xtensa-esp-elf/esp-13.2.0_20230928/xtensa-esp-elf/bin/../lib/gcc/../../lib/gcc/xtensa-esp-elf/13.2.0/../../../../xtensa-esp-elf/include/c++/13.2.0/backward"
ignoring duplicate directory "/home/paco/.espressif/tools/xtensa-esp-elf/esp-13.2.0_20230928/xtensa-esp-elf/bin/../lib/gcc/../../lib/gcc/xtensa-esp-elf/13.2.0/include"
ignoring duplicate directory "/home/paco/.espressif/tools/xtensa-esp-elf/esp-13.2.0_20230928/xtensa-esp-elf/bin/../lib/gcc/../../lib/gcc/xtensa-esp-elf/13.2.0/include-fixed"
ignoring duplicate directory "/home/paco/.espressif/tools/xtensa-esp-elf/esp-13.2.0_20230928/xtensa-esp-elf/bin/../lib/gcc/../../lib/gcc/xtensa-esp-elf/13.2.0/../../../../xtensa-esp-elf/sys-include"
ignoring duplicate directory "/home/paco/.espressif/tools/xtensa-esp-elf/esp-13.2.0_20230928/xtensa-esp-elf/bin/../lib/gcc/../../lib/gcc/xtensa-esp-elf/13.2.0/../../../../xtensa-esp-elf/include"
#include "..." search starts here:
#include <...> search starts here:
 /home/paco/.espressif/tools/xtensa-esp-elf/esp-13.2.0_20230928/xtensa-esp-elf/bin/../lib/gcc/xtensa-esp-elf/13.2.0/../../../../xtensa-esp-elf/include/c++/13.2.0
 /home/paco/.espressif/tools/xtensa-esp-elf/esp-13.2.0_20230928/xtensa-esp-elf/bin/../lib/gcc/xtensa-esp-elf/13.2.0/../../../../xtensa-esp-elf/include/c++/13.2.0/xtensa-esp-elf/esp32
 /home/paco/.espressif/tools/xtensa-esp-elf/esp-13.2.0_20230928/xtensa-esp-elf/bin/../lib/gcc/xtensa-esp-elf/13.2.0/../../../../xtensa-esp-elf/include/c++/13.2.0/backward
 /home/paco/.espressif/tools/xtensa-esp-elf/esp-13.2.0_20230928/xtensa-esp-elf/bin/../lib/gcc/xtensa-esp-elf/13.2.0/include
 /home/paco/.espressif/tools/xtensa-esp-elf/esp-13.2.0_20230928/xtensa-esp-elf/bin/../lib/gcc/xtensa-esp-elf/13.2.0/include-fixed
 /home/paco/.espressif/tools/xtensa-esp-elf/esp-13.2.0_20230928/xtensa-esp-elf/bin/../lib/gcc/xtensa-esp-elf/13.2.0/../../../../xtensa-esp-elf/sys-include
 /home/paco/.espressif/tools/xtensa-esp-elf/esp-13.2.0_20230928/xtensa-esp-elf/bin/../lib/gcc/xtensa-esp-elf/13.2.0/../../../../xtensa-esp-elf/include
End of search list.
Compiler executable checksum: a028436f3bbddb46fb1c3c82b1060db5
COLLECT_GCC_OPTIONS='-mdynconfig=xtensa_esp32.so' '-mlongcalls' '-Wno-frame-address' '-v' '-o' 'CMakeFiles/cmTC_c3e70.dir/CMakeCXXCompilerABI.cpp.obj' '-c' '-dumpdir' 'CMakeFiles/cmTC_c3e70.dir/'
 /home/paco/.espressif/tools/xtensa-esp-elf/esp-13.2.0_20230928/xtensa-esp-elf/bin/../lib/gcc/xtensa-esp-elf/13.2.0/../../../../xtensa-esp-elf/bin/as --traditional-format --longcalls --dynconfig=xtensa_esp32.so -o CMakeFiles/cmTC_c3e70.dir/CMakeCXXCompilerABI.cpp.obj /tmp/cc3bOzF7.s
COMPILER_PATH=/home/paco/.espressif/tools/xtensa-esp-elf/esp-13.2.0_20230928/xtensa-esp-elf/bin/../libexec/gcc/xtensa-esp-elf/13.2.0/:/home/paco/.espressif/tools/xtensa-esp-elf/esp-13.2.0_20230928/xtensa-esp-elf/bin/../libexec/gcc/:/home/paco/.espressif/tools/xtensa-esp-elf/esp-13.2.0_20230928/xtensa-esp-elf/bin/../lib/gcc/xtensa-esp-elf/13.2.0/../../../../xtensa-esp-elf/bin/
LIBRARY_PATH=/home/paco/.espressif/tools/xtensa-esp-elf/esp-13.2.0_20230928/xtensa-esp-elf/bin/../lib/gcc/xtensa-esp-elf/13.2.0/esp32/:/home/paco/.espressif/tools/xtensa-esp-elf/esp-13.2.0_20230928/xtensa-esp-elf/bin/../lib/gcc/xtensa-esp-elf/13.2.0/../../../../xtensa-esp-elf/lib/esp32/:/home/paco/.espressif/tools/xtensa-esp-elf/esp-13.2.0_20230928/xtensa-esp-elf/bin/../lib/gcc/xtensa-esp-elf/13.2.0/:/home/paco/.espressif/tools/xtensa-esp-elf/esp-13.2.0_20230928/xtensa-esp-elf/bin/../lib/gcc/:/home/paco/.espressif/tools/xtensa-esp-elf/esp-13.2.0_20230928/xtensa-esp-elf/bin/../lib/gcc/xtensa-esp-elf/13.2.0/../../../../xtensa-esp-elf/lib/
COLLECT_GCC_OPTIONS='-mdynconfig=xtensa_esp32.so' '-mlongcalls' '-Wno-frame-address' '-v' '-o' 'CMakeFiles/cmTC_c3e70.dir/CMakeCXXCompilerABI.cpp.obj' '-c' '-dumpdir' 'CMakeFiles/cmTC_c3e70.dir/CMakeCXXCompilerABI.cpp.'
Linking CXX executable cmTC_c3e70
/home/paco/.espressif/tools/cmake/3.24.0/bin/cmake -E cmake_link_script CMakeFiles/cmTC_c3e70.dir/link.txt --verbose=1
/home/paco/.espressif/tools/xtensa-esp-elf/esp-13.2.0_20230928/xtensa-esp-elf/bin/xtensa-esp32-elf-g++ -mlongcalls -Wno-frame-address    -v CMakeFiles/cmTC_c3e70.dir/CMakeCXXCompilerABI.cpp.obj -o cmTC_c3e70 
Using built-in specs.
COLLECT_GCC=/home/paco/.espressif/tools/xtensa-esp-elf/esp-13.2.0_20230928/xtensa-esp-elf/bin/xtensa-esp-elf-g++
COLLECT_LTO_WRAPPER=/home/paco/.espressif/tools/xtensa-esp-elf/esp-13.2.0_20230928/xtensa-esp-elf/bin/../libexec/gcc/xtensa-esp-elf/13.2.0/lto-wrapper
Target: xtensa-esp-elf
Configured with: /builds/idf/crosstool-NG/.build/xtensa-esp-elf/src/gcc/configure --build=x86_64-build_pc-linux-gnu --host=x86_64-build_pc-linux-gnu --target=xtensa-esp-elf --prefix=/builds/idf/crosstool-NG/builds/xtensa-esp-elf --exec_prefix=/builds/idf/crosstool-NG/builds/xtensa-esp-elf --with-local-prefix=/builds/idf/crosstool-NG/builds/xtensa-esp-elf/xtensa-esp-elf --with-headers=/builds/idf/crosstool-NG/builds/xtensa-esp-elf/xtensa-esp-elf/include --with-newlib --enable-threads=no --disable-shared --with-pkgversion='crosstool-NG esp-13.2.0_20230928' --disable-__cxa_atexit --enable-cxx-flags=-ffunction-sections --disable-libgomp --disable-libmudflap --disable-libmpx --disable-libssp --disable-libquadmath --disable-libquadmath-support --disable-libstdcxx-verbose --with-gmp=/builds/idf/crosstool-NG/.build/xtensa-esp-elf/buildtools --with-mpfr=/builds/idf/crosstool-NG/.build/xtensa-esp-elf/buildtools --with-mpc=/builds/idf/crosstool-NG/.build/xtensa-esp-elf/buildtools --with-isl=/builds/idf/crosstool-NG/.build/xtensa-esp-elf/buildtools --enable-lto --enable-target-optspace --without-long-double-128 --disable-nls --enable-multiarch --enable-languages=c,c++ --disable-libstdcxx-verbose --enable-threads=posix --enable-gcov-custom-rtio --enable-libstdcxx-time=yes
Thread model: posix
Supported LTO compression algorithms: zlib
gcc version 13.2.0 (crosstool-NG esp-13.2.0_20230928) 
COMPILER_PATH=/home/paco/.espressif/tools/xtensa-esp-elf/esp-13.2.0_20230928/xtensa-esp-elf/bin/../libexec/gcc/xtensa-esp-elf/13.2.0/:/home/paco/.espressif/tools/xtensa-esp-elf/esp-13.2.0_20230928/xtensa-esp-elf/bin/../libexec/gcc/:/home/paco/.espressif/tools/xtensa-esp-elf/esp-13.2.0_20230928/xtensa-esp-elf/bin/../lib/gcc/xtensa-esp-elf/13.2.0/../../../../xtensa-esp-elf/bin/
LIBRARY_PATH=/home/paco/.espressif/tools/xtensa-esp-elf/esp-13.2.0_20230928/xtensa-esp-elf/bin/../lib/gcc/xtensa-esp-elf/13.2.0/esp32/:/home/paco/.espressif/tools/xtensa-esp-elf/esp-13.2.0_20230928/xtensa-esp-elf/bin/../lib/gcc/xtensa-esp-elf/13.2.0/../../../../xtensa-esp-elf/lib/esp32/:/home/paco/.espressif/tools/xtensa-esp-elf/esp-13.2.0_20230928/xtensa-esp-elf/bin/../lib/gcc/xtensa-esp-elf/13.2.0/:/home/paco/.espressif/tools/xtensa-esp-elf/esp-13.2.0_20230928/xtensa-esp-elf/bin/../lib/gcc/:/home/paco/.espressif/tools/xtensa-esp-elf/esp-13.2.0_20230928/xtensa-esp-elf/bin/../lib/gcc/xtensa-esp-elf/13.2.0/../../../../xtensa-esp-elf/lib/
COLLECT_GCC_OPTIONS='-mdynconfig=xtensa_esp32.so' '-mlongcalls' '-Wno-frame-address' '-v' '-o' 'cmTC_c3e70' '-dumpdir' 'cmTC_c3e70.'
 /home/paco/.espressif/tools/xtensa-esp-elf/esp-13.2.0_20230928/xtensa-esp-elf/bin/../libexec/gcc/xtensa-esp-elf/13.2.0/collect2 -plugin /home/paco/.espressif/tools/xtensa-esp-elf/esp-13.2.0_20230928/xtensa-esp-elf/bin/../libexec/gcc/xtensa-esp-elf/13.2.0/liblto_plugin.so -plugin-opt=/home/paco/.espressif/tools/xtensa-esp-elf/esp-13.2.0_20230928/xtensa-esp-elf/bin/../libexec/gcc/xtensa-esp-elf/13.2.0/lto-wrapper -plugin-opt=-fresolution=/tmp/ccERvqEe.res -plugin-opt=-pass-through=-lgcc -plugin-opt=-pass-through=-lc -plugin-opt=-pass-through=-lnosys -plugin-opt=-pass-through=-lc -plugin-opt=-pass-through=-lgcc --dynconfig=xtensa_esp32.so -o cmTC_c3e70 /home/paco/.espressif/tools/xtensa-esp-elf/esp-13.2.0_20230928/xtensa-esp-elf/bin/../lib/gcc/xtensa-esp-elf/13.2.0/../../../../xtensa-esp-elf/lib/esp32/crt0.o /home/paco/.espressif/tools/xtensa-esp-elf/esp-13.2.0_20230928/xtensa-esp-elf/bin/../lib/gcc/xtensa-esp-elf/13.2.0/esp32/crti.o /home/paco/.espressif/tools/xtensa-esp-elf/esp-13.2.0_20230928/xtensa-esp-elf/bin/../lib/gcc/xtensa-esp-elf/13.2.0/esp32/crtbegin.o -L/home/paco/.espressif/tools/xtensa-esp-elf/esp-13.2.0_20230928/xtensa-esp-elf/bin/../lib/gcc/xtensa-esp-elf/13.2.0/esp32 -L/home/paco/.espressif/tools/xtensa-esp-elf/esp-13.2.0_20230928/xtensa-esp-elf/bin/../lib/gcc/xtensa-esp-elf/13.2.0/../../../../xtensa-esp-elf/lib/esp32 -L/home/paco/.espressif/tools/xtensa-esp-elf/esp-13.2.0_20230928/xtensa-esp-elf/bin/../lib/gcc/xtensa-esp-elf/13.2.0 -L/home/paco/.espressif/tools/xtensa-esp-elf/esp-13.2.0_20230928/xtensa-esp-elf/bin/../lib/gcc -L/home/paco/.espressif/tools/xtensa-esp-elf/esp-13.2.0_20230928/xtensa-esp-elf/bin/../lib/gcc/xtensa-esp-elf/13.2.0/../../../../xtensa-esp-elf/lib CMakeFiles/cmTC_c3e70.dir/CMakeCXXCompilerABI.cpp.obj -lstdc++ -lm -lgcc -lc -lnosys -lc -lgcc /home/paco/.espressif/tools/xtensa-esp-elf/esp-13.2.0_20230928/xtensa-esp-elf/bin/../lib/gcc/xtensa-esp-elf/13.2.0/esp32/crtend.o /home/paco/.espressif/tools/xtensa-esp-elf/esp-13.2.0_20230928/xtensa-esp-elf/bin/../lib/gcc/xtensa-esp-elf/13.2.0/esp32/crtn.o
COLLECT_GCC_OPTIONS='-mdynconfig=xtensa_esp32.so' '-mlongcalls' '-Wno-frame-address' '-v' '-o' 'cmTC_c3e70' '-dumpdir' 'cmTC_c3e70.'
make[1]: Leaving directory '/home/paco/proyectos/esp32/Demo_LVGL/5_1_LCD_Test/CMakeFiles/CMakeTmp'



Parsed CXX implicit include dir info from above output: rv=done
  found start of include info
  found start of implicit include info
    add: [/home/paco/.espressif/tools/xtensa-esp-elf/esp-13.2.0_20230928/xtensa-esp-elf/bin/../lib/gcc/xtensa-esp-elf/13.2.0/../../../../xtensa-esp-elf/include/c++/13.2.0]
    add: [/home/paco/.espressif/tools/xtensa-esp-elf/esp-13.2.0_20230928/xtensa-esp-elf/bin/../lib/gcc/xtensa-esp-elf/13.2.0/../../../../xtensa-esp-elf/include/c++/13.2.0/xtensa-esp-elf/esp32]
    add: [/home/paco/.espressif/tools/xtensa-esp-elf/esp-13.2.0_20230928/xtensa-esp-elf/bin/../lib/gcc/xtensa-esp-elf/13.2.0/../../../../xtensa-esp-elf/include/c++/13.2.0/backward]
    add: [/home/paco/.espressif/tools/xtensa-esp-elf/esp-13.2.0_20230928/xtensa-esp-elf/bin/../lib/gcc/xtensa-esp-elf/13.2.0/include]
    add: [/home/paco/.espressif/tools/xtensa-esp-elf/esp-13.2.0_20230928/xtensa-esp-elf/bin/../lib/gcc/xtensa-esp-elf/13.2.0/include-fixed]
    add: [/home/paco/.espressif/tools/xtensa-esp-elf/esp-13.2.0_20230928/xtensa-esp-elf/bin/../lib/gcc/xtensa-esp-elf/13.2.0/../../../../xtensa-esp-elf/sys-include]
    add: [/home/paco/.espressif/tools/xtensa-esp-elf/esp-13.2.0_20230928/xtensa-esp-elf/bin/../lib/gcc/xtensa-esp-elf/13.2.0/../../../../xtensa-esp-elf/include]
  end of search list found
  collapse include dir [/home/paco/.espressif/tools/xtensa-esp-elf/esp-13.2.0_20230928/xtensa-esp-elf/bin/../lib/gcc/xtensa-esp-elf/13.2.0/../../../../xtensa-esp-elf/include/c++/13.2.0] ==> [/home/paco/.espressif/tools/xtensa-esp-elf/esp-13.2.0_20230928/xtensa-esp-elf/xtensa-esp-elf/include/c++/13.2.0]
  collapse include dir [/home/paco/.espressif/tools/xtensa-esp-elf/esp-13.2.0_20230928/xtensa-esp-elf/bin/../lib/gcc/xtensa-esp-elf/13.2.0/../../../../xtensa-esp-elf/include/c++/13.2.0/xtensa-esp-elf/esp32] ==> [/home/paco/.espressif/tools/xtensa-esp-elf/esp-13.2.0_20230928/xtensa-esp-elf/xtensa-esp-elf/include/c++/13.2.0/xtensa-esp-elf/esp32]
  collapse include dir [/home/paco/.espressif/tools/xtensa-esp-elf/esp-13.2.0_20230928/xtensa-esp-elf/bin/../lib/gcc/xtensa-esp-elf/13.2.0/../../../../xtensa-esp-elf/include/c++/13.2.0/backward] ==> [/home/paco/.espressif/tools/xtensa-esp-elf/esp-13.2.0_20230928/xtensa-esp-elf/xtensa-esp-elf/include/c++/13.2.0/backward]
  collapse include dir [/home/paco/.espressif/tools/xtensa-esp-elf/esp-13.2.0_20230928/xtensa-esp-elf/bin/../lib/gcc/xtensa-esp-elf/13.2.0/include] ==> [/home/paco/.espressif/tools/xtensa-esp-elf/esp-13.2.0_20230928/xtensa-esp-elf/lib/gcc/xtensa-esp-elf/13.2.0/include]
  collapse include dir [/home/paco/.espressif/tools/xtensa-esp-elf/esp-13.2.0_20230928/xtensa-esp-elf/bin/../lib/gcc/xtensa-esp-elf/13.2.0/include-fixed] ==> [/home/paco/.espressif/tools/xtensa-esp-elf/esp-13.2.0_20230928/xtensa-esp-elf/lib/gcc/xtensa-esp-elf/13.2.0/include-fixed]
  collapse include dir [/home/paco/.espressif/tools/xtensa-esp-elf/esp-13.2.0_20230928/xtensa-esp-elf/bin/../lib/gcc/xtensa-esp-elf/13.2.0/../../../../xtensa-esp-elf/sys-include] ==> [/home/paco/.espressif/tools/xtensa-esp-elf/esp-13.2.0_20230928/xtensa-esp-elf/xtensa-esp-elf/sys-include]
  collapse include dir [/home/paco/.espressif/tools/xtensa-esp-elf/esp-13.2.0_20230928/xtensa-esp-elf/bin/../lib/gcc/xtensa-esp-elf/13.2.0/../../../../xtensa-esp-elf/include] ==> [/home/paco/.espressif/tools/xtensa-esp-elf/esp-13.2.0_20230928/xtensa-esp-elf/xtensa-esp-elf/include]
  implicit include dirs: [/home/paco/.espressif/tools/xtensa-esp-elf/esp-13.2.0_20230928/xtensa-esp-elf/xtensa-esp-elf/include/c++/13.2.0;/home/paco/.espressif/tools/xtensa-esp-elf/esp-13.2.0_20230928/xtensa-esp-elf/xtensa-esp-elf/include/c++/13.2.0/xtensa-esp-elf/esp32;/home/paco/.espressif/tools/xtensa-esp-elf/esp-13.2.0_20230928/xtensa-esp-elf/xtensa-esp-elf/include/c++/13.2.0/backward;/home/paco/.espressif/tools/xtensa-esp-elf/esp-13.2.0_20230928/xtensa-esp-elf/lib/gcc/xtensa-esp-elf/13.2.0/include;/home/paco/.espressif/tools/xtensa-esp-elf/esp-13.2.0_20230928/xtensa-esp-elf/lib/gcc/xtensa-esp-elf/13.2.0/include-fixed;/home/paco/.espressif/tools/xtensa-esp-elf/esp-13.2.0_20230928/xtensa-esp-elf/xtensa-esp-elf/sys-include;/home/paco/.espressif/tools/xtensa-esp-elf/esp-13.2.0_20230928/xtensa-esp-elf/xtensa-esp-elf/include]


Parsed CXX implicit link information from above output:
  link line regex: [^( *|.*[/\])(xtensa-esp32-elf-ld|CMAKE_LINK_STARTFILE-NOTFOUND|([^/\]+-)?ld|collect2)[^/\]*( |$)]
  ignore line: [Change Dir: /home/paco/proyectos/esp32/Demo_LVGL/5_1_LCD_Test/CMakeFiles/CMakeTmp]
  ignore line: []
  ignore line: [Run Build Command(s):/usr/bin/make -f Makefile cmTC_c3e70/fast && /usr/bin/make  -f CMakeFiles/cmTC_c3e70.dir/build.make CMakeFiles/cmTC_c3e70.dir/build]
  ignore line: [make[1]: Entering directory '/home/paco/proyectos/esp32/Demo_LVGL/5_1_LCD_Test/CMakeFiles/CMakeTmp']
  ignore line: [Building CXX object CMakeFiles/cmTC_c3e70.dir/CMakeCXXCompilerABI.cpp.obj]
  ignore line: [/home/paco/.espressif/tools/xtensa-esp-elf/esp-13.2.0_20230928/xtensa-esp-elf/bin/xtensa-esp32-elf-g++   -mlongcalls -Wno-frame-address     -v -o CMakeFiles/cmTC_c3e70.dir/CMakeCXXCompilerABI.cpp.obj -c /home/paco/.espressif/tools/cmake/3.24.0/share/cmake-3.24/Modules/CMakeCXXCompilerABI.cpp]
  ignore line: [Using built-in specs.]
  ignore line: [COLLECT_GCC=/home/paco/.espressif/tools/xtensa-esp-elf/esp-13.2.0_20230928/xtensa-esp-elf/bin/xtensa-esp-elf-g++]
  ignore line: [Target: xtensa-esp-elf]
  ignore line: [Configured with: /builds/idf/crosstool-NG/.build/xtensa-esp-elf/src/gcc/configure --build=x86_64-build_pc-linux-gnu --host=x86_64-build_pc-linux-gnu --target=xtensa-esp-elf --prefix=/builds/idf/crosstool-NG/builds/xtensa-esp-elf --exec_prefix=/builds/idf/crosstool-NG/builds/xtensa-esp-elf --with-local-prefix=/builds/idf/crosstool-NG/builds/xtensa-esp-elf/xtensa-esp-elf --with-headers=/builds/idf/crosstool-NG/builds/xtensa-esp-elf/xtensa-esp-elf/include --with-newlib --enable-threads=no --disable-shared --with-pkgversion='crosstool-NG esp-13.2.0_20230928' --disable-__cxa_atexit --enable-cxx-flags=-ffunction-sections --disable-libgomp --disable-libmudflap --disable-libmpx --disable-libssp --disable-libquadmath --disable-libquadmath-support --disable-libstdcxx-verbose --with-gmp=/builds/idf/crosstool-NG/.build/xtensa-esp-elf/buildtools --with-mpfr=/builds/idf/crosstool-NG/.build/xtensa-esp-elf/buildtools --with-mpc=/builds/idf/crosstool-NG/.build/xtensa-esp-elf/buildtools --with-isl=/builds/idf/crosstool-NG/.build/xtensa-esp-elf/buildtools --enable-lto --enable-target-optspace --without-long-double-128 --disable-nls --enable-multiarch --enable-languages=c c++ --disable-libstdcxx-verbose --enable-threads=posix --enable-gcov-custom-rtio --enable-libstdcxx-time=yes]
  ignore line: [Thread model: posix]
  ignore line: [Supported LTO compression algorithms: zlib]
  ignore line: [gcc version 13.2.0 (crosstool-NG esp-13.2.0_20230928) ]
  ignore line: [COLLECT_GCC_OPTIONS='-mdynconfig=xtensa_esp32.so' '-mlongcalls' '-Wno-frame-address' '-v' '-o' 'CMakeFiles/cmTC_c3e70.dir/CMakeCXXCompilerABI.cpp.obj' '-c' '-dumpdir' 'CMakeFiles/cmTC_c3e70.dir/']
  ignore line: [ /home/paco/.espressif/tools/xtensa-esp-elf/esp-13.2.0_20230928/xtensa-esp-elf/bin/../libexec/gcc/xtensa-esp-elf/13.2.0/cc1plus -quiet -v -imultilib esp32 -iprefix /home/paco/.espressif/tools/xtensa-esp-elf/esp-13.2.0_20230928/xtensa-esp-elf/bin/../lib/gcc/xtensa-esp-elf/13.2.0/ /home/paco/.espressif/tools/cmake/3.24.0/share/cmake-3.24/Modules/CMakeCXXCompilerABI.cpp -quiet -dumpdir CMakeFiles/cmTC_c3e70.dir/ -dumpbase CMakeCXXCompilerABI.cpp.cpp -dumpbase-ext .cpp -mdynconfig=xtensa_esp32.so -mlongcalls -Wno-frame-address -version -o /tmp/cc3bOzF7.s]
  ignore line: [GNU C++17 (crosstool-NG esp-13.2.0_20230928) version 13.2.0 (xtensa-esp-elf)]
  ignore line: [	compiled by GNU C version 4.9.2  GMP version 6.2.1  MPFR version 4.1.0  MPC version 1.2.1  isl version isl-0.24-GMP]
  ignore line: []
  ignore line: [GGC heuristics: --param ggc-min-expand=100 --param ggc-min-heapsize=131072]
  ignore line: [ignoring duplicate directory "/home/paco/.espressif/tools/xtensa-esp-elf/esp-13.2.0_20230928/xtensa-esp-elf/bin/../lib/gcc/../../lib/gcc/xtensa-esp-elf/13.2.0/../../../../xtensa-esp-elf/include/c++/13.2.0"]
  ignore line: [ignoring duplicate directory "/home/paco/.espressif/tools/xtensa-esp-elf/esp-13.2.0_20230928/xtensa-esp-elf/bin/../lib/gcc/../../lib/gcc/xtensa-esp-elf/13.2.0/../../../../xtensa-esp-elf/include/c++/13.2.0/xtensa-esp-elf/esp32"]
  ignore line: [ignoring duplicate directory "/home/paco/.espressif/tools/xtensa-esp-elf/esp-13.2.0_20230928/xtensa-esp-elf/bin/../lib/gcc/../../lib/gcc/xtensa-esp-elf/13.2.0/../../../../xtensa-esp-elf/include/c++/13.2.0/backward"]
  ignore line: [ignoring duplicate directory "/home/paco/.espressif/tools/xtensa-esp-elf/esp-13.2.0_20230928/xtensa-esp-elf/bin/../lib/gcc/../../lib/gcc/xtensa-esp-elf/13.2.0/include"]
  ignore line: [ignoring duplicate directory "/home/paco/.espressif/tools/xtensa-esp-elf/esp-13.2.0_20230928/xtensa-esp-elf/bin/../lib/gcc/../../lib/gcc/xtensa-esp-elf/13.2.0/include-fixed"]
  ignore line: [ignoring duplicate directory "/home/paco/.espressif/tools/xtensa-esp-elf/esp-13.2.0_20230928/xtensa-esp-elf/bin/../lib/gcc/../../lib/gcc/xtensa-esp-elf/13.2.0/../../../../xtensa-esp-elf/sys-include"]
  ignore line: [ignoring duplicate directory "/home/paco/.espressif/tools/xtensa-esp-elf/esp-13.2.0_20230928/xtensa-esp-elf/bin/../lib/gcc/../../lib/gcc/xtensa-esp-elf/13.2.0/../../../../xtensa-esp-elf/include"]
  ignore line: [#include "..." search starts here:]
  ignore line: [#include <...> search starts here:]
  ignore line: [ /home/paco/.espressif/tools/xtensa-esp-elf/esp-13.2.0_20230928/xtensa-esp-elf/bin/../lib/gcc/xtensa-esp-elf/13.2.0/../../../../xtensa-esp-elf/include/c++/13.2.0]
  ignore line: [ /home/paco/.espressif/tools/xtensa-esp-elf/esp-13.2.0_20230928/xtensa-esp-elf/bin/../lib/gcc/xtensa-esp-elf/13.2.0/../../../../xtensa-esp-elf/include/c++/13.2.0/xtensa-esp-elf/esp32]
  ignore line: [ /home/paco/.espressif/tools/xtensa-esp-elf/esp-13.2.0_20230928/xtensa-esp-elf/bin/../lib/gcc/xtensa-esp-elf/13.2.0/../../../../xtensa-esp-elf/include/c++/13.2.0/backward]
  ignore line: [ /home/paco/.espressif/tools/xtensa-esp-elf/esp-13.2.0_20230928/xtensa-esp-elf/bin/../lib/gcc/xtensa-esp-elf/13.2.0/include]
  ignore line: [ /home/paco/.espressif/tools/xtensa-esp-elf/esp-13.2.0_20230928/xtensa-esp-elf/bin/../lib/gcc/xtensa-esp-elf/13.2.0/include-fixed]
  ignore line: [ /home/paco/.espressif/tools/xtensa-esp-elf/esp-13.2.0_20230928/xtensa-esp-elf/bin/../lib/gcc/xtensa-esp-elf/13.2.0/../../../../xtensa-esp-elf/sys-include]
  ignore line: [ /home/paco/.espressif/tools/xtensa-esp-elf/esp-13.2.0_20230928/xtensa-esp-elf/bin/../lib/gcc/xtensa-esp-elf/13.2.0/../../../../xtensa-esp-elf/include]
  ignore line: [End of search list.]
  ignore line: [Compiler executable checksum: a028436f3bbddb46fb1c3c82b1060db5]
  ignore line: [COLLECT_GCC_OPTIONS='-mdynconfig=xtensa_esp32.so' '-mlongcalls' '-Wno-frame-address' '-v' '-o' 'CMakeFiles/cmTC_c3e70.dir/CMakeCXXCompilerABI.cpp.obj' '-c' '-dumpdir' 'CMakeFiles/cmTC_c3e70.dir/']
  ignore line: [ /home/paco/.espressif/tools/xtensa-esp-elf/esp-13.2.0_20230928/xtensa-esp-elf/bin/../lib/gcc/xtensa-esp-elf/13.2.0/../../../../xtensa-esp-elf/bin/as --traditional-format --longcalls --dynconfig=xtensa_esp32.so -o CMakeFiles/cmTC_c3e70.dir/CMakeCXXCompilerABI.cpp.obj /tmp/cc3bOzF7.s]
  ignore line: [COMPILER_PATH=/home/paco/.espressif/tools/xtensa-esp-elf/esp-13.2.0_20230928/xtensa-esp-elf/bin/../libexec/gcc/xtensa-esp-elf/13.2.0/:/home/paco/.espressif/tools/xtensa-esp-elf/esp-13.2.0_20230928/xtensa-esp-elf/bin/../libexec/gcc/:/home/paco/.espressif/tools/xtensa-esp-elf/esp-13.2.0_20230928/xtensa-esp-elf/bin/../lib/gcc/xtensa-esp-elf/13.2.0/../../../../xtensa-esp-elf/bin/]
  ignore line: [LIBRARY_PATH=/home/paco/.espressif/tools/xtensa-esp-elf/esp-13.2.0_20230928/xtensa-esp-elf/bin/../lib/gcc/xtensa-esp-elf/13.2.0/esp32/:/home/paco/.espressif/tools/xtensa-esp-elf/esp-13.2.0_20230928/xtensa-esp-elf/bin/../lib/gcc/xtensa-esp-elf/13.2.0/../../../../xtensa-esp-elf/lib/esp32/:/home/paco/.espressif/tools/xtensa-esp-elf/esp-13.2.0_20230928/xtensa-esp-elf/bin/../lib/gcc/xtensa-esp-elf/13.2.0/:/home/paco/.espressif/tools/xtensa-esp-elf/esp-13.2.0_20230928/xtensa-esp-elf/bin/../lib/gcc/:/home/paco/.espressif/tools/xtensa-esp-elf/esp-13.2.0_20230928/xtensa-esp-elf/bin/../lib/gcc/xtensa-esp-elf/13.2.0/../../../../xtensa-esp-elf/lib/]
  ignore line: [COLLECT_GCC_OPTIONS='-mdynconfig=xtensa_esp32.so' '-mlongcalls' '-Wno-frame-address' '-v' '-o' 'CMakeFiles/cmTC_c3e70.dir/CMakeCXXCompilerABI.cpp.obj' '-c' '-dumpdir' 'CMakeFiles/cmTC_c3e70.dir/CMakeCXXCompilerABI.cpp.']
  ignore line: [Linking CXX executable cmTC_c3e70]
  ignore line: [/home/paco/.espressif/tools/cmake/3.24.0/bin/cmake -E cmake_link_script CMakeFiles/cmTC_c3e70.dir/link.txt --verbose=1]
  ignore line: [/home/paco/.espressif/tools/xtensa-esp-elf/esp-13.2.0_20230928/xtensa-esp-elf/bin/xtensa-esp32-elf-g++ -mlongcalls -Wno-frame-address    -v CMakeFiles/cmTC_c3e70.dir/CMakeCXXCompilerABI.cpp.obj -o cmTC_c3e70 ]
  ignore line: [Using built-in specs.]
  ignore line: [COLLECT_GCC=/home/paco/.espressif/tools/xtensa-esp-elf/esp-13.2.0_20230928/xtensa-esp-elf/bin/xtensa-esp-elf-g++]
  ignore line: [COLLECT_LTO_WRAPPER=/home/paco/.espressif/tools/xtensa-esp-elf/esp-13.2.0_20230928/xtensa-esp-elf/bin/../libexec/gcc/xtensa-esp-elf/13.2.0/lto-wrapper]
  ignore line: [Target: xtensa-esp-elf]
  ignore line: [Configured with: /builds/idf/crosstool-NG/.build/xtensa-esp-elf/src/gcc/configure --build=x86_64-build_pc-linux-gnu --host=x86_64-build_pc-linux-gnu --target=xtensa-esp-elf --prefix=/builds/idf/crosstool-NG/builds/xtensa-esp-elf --exec_prefix=/builds/idf/crosstool-NG/builds/xtensa-esp-elf --with-local-prefix=/builds/idf/crosstool-NG/builds/xtensa-esp-elf/xtensa-esp-elf --with-headers=/builds/idf/crosstool-NG/builds/xtensa-esp-elf/xtensa-esp-elf/include --with-newlib --enable-threads=no --disable-shared --with-pkgversion='crosstool-NG esp-13.2.0_20230928' --disable-__cxa_atexit --enable-cxx-flags=-ffunction-sections --disable-libgomp --disable-libmudflap --disable-libmpx --disable-libssp --disable-libquadmath --disable-libquadmath-support --disable-libstdcxx-verbose --with-gmp=/builds/idf/crosstool-NG/.build/xtensa-esp-elf/buildtools --with-mpfr=/builds/idf/crosstool-NG/.build/xtensa-esp-elf/buildtools --with-mpc=/builds/idf/crosstool-NG/.build/xtensa-esp-elf/buildtools --with-isl=/builds/idf/crosstool-NG/.build/xtensa-esp-elf/buildtools --enable-lto --enable-target-optspace --without-long-double-128 --disable-nls --enable-multiarch --enable-languages=c c++ --disable-libstdcxx-verbose --enable-threads=posix --enable-gcov-custom-rtio --enable-libstdcxx-time=yes]
  ignore line: [Thread model: posix]
  ignore line: [Supported LTO compression algorithms: zlib]
  ignore line: [gcc version 13.2.0 (crosstool-NG esp-13.2.0_20230928) ]
  ignore line: [COMPILER_PATH=/home/paco/.espressif/tools/xtensa-esp-elf/esp-13.2.0_20230928/xtensa-esp-elf/bin/../libexec/gcc/xtensa-esp-elf/13.2.0/:/home/paco/.espressif/tools/xtensa-esp-elf/esp-13.2.0_20230928/xtensa-esp-elf/bin/../libexec/gcc/:/home/paco/.espressif/tools/xtensa-esp-elf/esp-13.2.0_20230928/xtensa-esp-elf/bin/../lib/gcc/xtensa-esp-elf/13.2.0/../../../../xtensa-esp-elf/bin/]
  ignore line: [LIBRARY_PATH=/home/paco/.espressif/tools/xtensa-esp-elf/esp-13.2.0_20230928/xtensa-esp-elf/bin/../lib/gcc/xtensa-esp-elf/13.2.0/esp32/:/home/paco/.espressif/tools/xtensa-esp-elf/esp-13.2.0_20230928/xtensa-esp-elf/bin/../lib/gcc/xtensa-esp-elf/13.2.0/../../../../xtensa-esp-elf/lib/esp32/:/home/paco/.espressif/tools/xtensa-esp-elf/esp-13.2.0_20230928/xtensa-esp-elf/bin/../lib/gcc/xtensa-esp-elf/13.2.0/:/home/paco/.espressif/tools/xtensa-esp-elf/esp-13.2.0_20230928/xtensa-esp-elf/bin/../lib/gcc/:/home/paco/.espressif/tools/xtensa-esp-elf/esp-13.2.0_20230928/xtensa-esp-elf/bin/../lib/gcc/xtensa-esp-elf/13.2.0/../../../../xtensa-esp-elf/lib/]
  ignore line: [COLLECT_GCC_OPTIONS='-mdynconfig=xtensa_esp32.so' '-mlongcalls' '-Wno-frame-address' '-v' '-o' 'cmTC_c3e70' '-dumpdir' 'cmTC_c3e70.']
  link line: [ /home/paco/.espressif/tools/xtensa-esp-elf/esp-13.2.0_20230928/xtensa-esp-elf/bin/../libexec/gcc/xtensa-esp-elf/13.2.0/collect2 -plugin /home/paco/.espressif/tools/xtensa-esp-elf/esp-13.2.0_20230928/xtensa-esp-elf/bin/../libexec/gcc/xtensa-esp-elf/13.2.0/liblto_plugin.so -plugin-opt=/home/paco/.espressif/tools/xtensa-esp-elf/esp-13.2.0_20230928/xtensa-esp-elf/bin/../libexec/gcc/xtensa-esp-elf/13.2.0/lto-wrapper -plugin-opt=-fresolution=/tmp/ccERvqEe.res -plugin-opt=-pass-through=-lgcc -plugin-opt=-pass-through=-lc -plugin-opt=-pass-through=-lnosys -plugin-opt=-pass-through=-lc -plugin-opt=-pass-through=-lgcc --dynconfig=xtensa_esp32.so -o cmTC_c3e70 /home/paco/.espressif/tools/xtensa-esp-elf/esp-13.2.0_20230928/xtensa-esp-elf/bin/../lib/gcc/xtensa-esp-elf/13.2.0/../../../../xtensa-esp-elf/lib/esp32/crt0.o /home/paco/.espressif/tools/xtensa-esp-elf/esp-13.2.0_20230928/xtensa-esp-elf/bin/../lib/gcc/xtensa-esp-elf/13.2.0/esp32/crti.o /home/paco/.espressif/tools/xtensa-esp-elf/esp-13.2.0_20230928/xtensa-esp-elf/bin/../lib/gcc/xtensa-esp-elf/13.2.0/esp32/crtbegin.o -L/home/paco/.espressif/tools/xtensa-esp-elf/esp-13.2.0_20230928/xtensa-esp-elf/bin/../lib/gcc/xtensa-esp-elf/13.2.0/esp32 -L/home/paco/.espressif/tools/xtensa-esp-elf/esp-13.2.0_20230928/xtensa-esp-elf/bin/../lib/gcc/xtensa-esp-elf/13.2.0/../../../../xtensa-esp-elf/lib/esp32 -L/home/paco/.espressif/tools/xtensa-esp-elf/esp-13.2.0_20230928/xtensa-esp-elf/bin/../lib/gcc/xtensa-esp-elf/13.2.0 -L/home/paco/.espressif/tools/xtensa-esp-elf/esp-13.2.0_20230928/xtensa-esp-elf/bin/../lib/gcc -L/home/paco/.espressif/tools/xtensa-esp-elf/esp-13.2.0_20230928/xtensa-esp-elf/bin/../lib/gcc/xtensa-esp-elf/13.2.0/../../../../xtensa-esp-elf/lib CMakeFiles/cmTC_c3e70.dir/CMakeCXXCompilerABI.cpp.obj -lstdc++ -lm -lgcc -lc -lnosys -lc -lgcc /home/paco/.espressif/tools/xtensa-esp-elf/esp-13.2.0_20230928/xtensa-esp-elf/bin/../lib/gcc/xtensa-esp-elf/13.2.0/esp32/crtend.o /home/paco/.espressif/tools/xtensa-esp-elf/esp-13.2.0_20230928/xtensa-esp-elf/bin/../lib/gcc/xtensa-esp-elf/13.2.0/esp32/crtn.o]
    arg [/home/paco/.espressif/tools/xtensa-esp-elf/esp-13.2.0_20230928/xtensa-esp-elf/bin/../libexec/gcc/xtensa-esp-elf/13.2.0/collect2] ==> ignore
    arg [-plugin] ==> ignore
    arg [/home/paco/.espressif/tools/xtensa-esp-elf/esp-13.2.0_20230928/xtensa-esp-elf/bin/../libexec/gcc/xtensa-esp-elf/13.2.0/liblto_plugin.so] ==> ignore
    arg [-plugin-opt=/home/paco/.espressif/tools/xtensa-esp-elf/esp-13.2.0_20230928/xtensa-esp-elf/bin/../libexec/gcc/xtensa-esp-elf/13.2.0/lto-wrapper] ==> ignore
    arg [-plugin-opt=-fresolution=/tmp/ccERvqEe.res] ==> ignore
    arg [-plugin-opt=-pass-through=-lgcc] ==> ignore
    arg [-plugin-opt=-pass-through=-lc] ==> ignore
    arg [-plugin-opt=-pass-through=-lnosys] ==> ignore
    arg [-plugin-opt=-pass-through=-lc] ==> ignore
    arg [-plugin-opt=-pass-through=-lgcc] ==> ignore
    arg [--dynconfig=xtensa_esp32.so] ==> ignore
    arg [-o] ==> ignore
    arg [cmTC_c3e70] ==> ignore
    arg [/home/paco/.espressif/tools/xtensa-esp-elf/esp-13.2.0_20230928/xtensa-esp-elf/bin/../lib/gcc/xtensa-esp-elf/13.2.0/../../../../xtensa-esp-elf/lib/esp32/crt0.o] ==> obj [/home/paco/.espressif/tools/xtensa-esp-elf/esp-13.2.0_20230928/xtensa-esp-elf/bin/../lib/gcc/xtensa-esp-elf/13.2.0/../../../../xtensa-esp-elf/lib/esp32/crt0.o]
    arg [/home/paco/.espressif/tools/xtensa-esp-elf/esp-13.2.0_20230928/xtensa-esp-elf/bin/../lib/gcc/xtensa-esp-elf/13.2.0/esp32/crti.o] ==> obj [/home/paco/.espressif/tools/xtensa-esp-elf/esp-13.2.0_20230928/xtensa-esp-elf/bin/../lib/gcc/xtensa-esp-elf/13.2.0/esp32/crti.o]
    arg [/home/paco/.espressif/tools/xtensa-esp-elf/esp-13.2.0_20230928/xtensa-esp-elf/bin/../lib/gcc/xtensa-esp-elf/13.2.0/esp32/crtbegin.o] ==> obj [/home/paco/.espressif/tools/xtensa-esp-elf/esp-13.2.0_20230928/xtensa-esp-elf/bin/../lib/gcc/xtensa-esp-elf/13.2.0/esp32/crtbegin.o]
    arg [-L/home/paco/.espressif/tools/xtensa-esp-elf/esp-13.2.0_20230928/xtensa-esp-elf/bin/../lib/gcc/xtensa-esp-elf/13.2.0/esp32] ==> dir [/home/paco/.espressif/tools/xtensa-esp-elf/esp-13.2.0_20230928/xtensa-esp-elf/bin/../lib/gcc/xtensa-esp-elf/13.2.0/esp32]
    arg [-L/home/paco/.espressif/tools/xtensa-esp-elf/esp-13.2.0_20230928/xtensa-esp-elf/bin/../lib/gcc/xtensa-esp-elf/13.2.0/../../../../xtensa-esp-elf/lib/esp32] ==> dir [/home/paco/.espressif/tools/xtensa-esp-elf/esp-13.2.0_20230928/xtensa-esp-elf/bin/../lib/gcc/xtensa-esp-elf/13.2.0/../../../../xtensa-esp-elf/lib/esp32]
    arg [-L/home/paco/.espressif/tools/xtensa-esp-elf/esp-13.2.0_20230928/xtensa-esp-elf/bin/../lib/gcc/xtensa-esp-elf/13.2.0] ==> dir [/home/paco/.espressif/tools/xtensa-esp-elf/esp-13.2.0_20230928/xtensa-esp-elf/bin/../lib/gcc/xtensa-esp-elf/13.2.0]
    arg [-L/home/paco/.espressif/tools/xtensa-esp-elf/esp-13.2.0_20230928/xtensa-esp-elf/bin/../lib/gcc] ==> dir [/home/paco/.espressif/tools/xtensa-esp-elf/esp-13.2.0_20230928/xtensa-esp-elf/bin/../lib/gcc]
    arg [-L/home/paco/.espressif/tools/xtensa-esp-elf/esp-13.2.0_20230928/xtensa-esp-elf/bin/../lib/gcc/xtensa-esp-elf/13.2.0/../../../../xtensa-esp-elf/lib] ==> dir [/home/paco/.espressif/tools/xtensa-esp-elf/esp-13.2.0_20230928/xtensa-esp-elf/bin/../lib/gcc/xtensa-esp-elf/13.2.0/../../../../xtensa-esp-elf/lib]
    arg [CMakeFiles/cmTC_c3e70.dir/CMakeCXXCompilerABI.cpp.obj] ==> ignore
    arg [-lstdc++] ==> lib [stdc++]
    arg [-lm] ==> lib [m]
    arg [-lgcc] ==> lib [gcc]
    arg [-lc] ==> lib [c]
    arg [-lnosys] ==> lib [nosys]
    arg [-lc] ==> lib [c]
    arg [-lgcc] ==> lib [gcc]
    arg [/home/paco/.espressif/tools/xtensa-esp-elf/esp-13.2.0_20230928/xtensa-esp-elf/bin/../lib/gcc/xtensa-esp-elf/13.2.0/esp32/crtend.o] ==> obj [/home/paco/.espressif/tools/xtensa-esp-elf/esp-13.2.0_20230928/xtensa-esp-elf/bin/../lib/gcc/xtensa-esp-elf/13.2.0/esp32/crtend.o]
    arg [/home/paco/.espressif/tools/xtensa-esp-elf/esp-13.2.0_20230928/xtensa-esp-elf/bin/../lib/gcc/xtensa-esp-elf/13.2.0/esp32/crtn.o] ==> obj [/home/paco/.espressif/tools/xtensa-esp-elf/esp-13.2.0_20230928/xtensa-esp-elf/bin/../lib/gcc/xtensa-esp-elf/13.2.0/esp32/crtn.o]
  collapse obj [/home/paco/.espressif/tools/xtensa-esp-elf/esp-13.2.0_20230928/xtensa-esp-elf/bin/../lib/gcc/xtensa-esp-elf/13.2.0/../../../../xtensa-esp-elf/lib/esp32/crt0.o] ==> [/home/paco/.espressif/tools/xtensa-esp-elf/esp-13.2.0_20230928/xtensa-esp-elf/xtensa-esp-elf/lib/esp32/crt0.o]
  collapse obj [/home/paco/.espressif/tools/xtensa-esp-elf/esp-13.2.0_20230928/xtensa-esp-elf/bin/../lib/gcc/xtensa-esp-elf/13.2.0/esp32/crti.o] ==> [/home/paco/.espressif/tools/xtensa-esp-elf/esp-13.2.0_20230928/xtensa-esp-elf/lib/gcc/xtensa-esp-elf/13.2.0/esp32/crti.o]
  collapse obj [/home/paco/.espressif/tools/xtensa-esp-elf/esp-13.2.0_20230928/xtensa-esp-elf/bin/../lib/gcc/xtensa-esp-elf/13.2.0/esp32/crtbegin.o] ==> [/home/paco/.espressif/tools/xtensa-esp-elf/esp-13.2.0_20230928/xtensa-esp-elf/lib/gcc/xtensa-esp-elf/13.2.0/esp32/crtbegin.o]
  collapse obj [/home/paco/.espressif/tools/xtensa-esp-elf/esp-13.2.0_20230928/xtensa-esp-elf/bin/../lib/gcc/xtensa-esp-elf/13.2.0/esp32/crtend.o] ==> [/home/paco/.espressif/tools/xtensa-esp-elf/esp-13.2.0_20230928/xtensa-esp-elf/lib/gcc/xtensa-esp-elf/13.2.0/esp32/crtend.o]
  collapse obj [/home/paco/.espressif/tools/xtensa-esp-elf/esp-13.2.0_20230928/xtensa-esp-elf/bin/../lib/gcc/xtensa-esp-elf/13.2.0/esp32/crtn.o] ==> [/home/paco/.espressif/tools/xtensa-esp-elf/esp-13.2.0_20230928/xtensa-esp-elf/lib/gcc/xtensa-esp-elf/13.2.0/esp32/crtn.o]
  collapse library dir [/home/paco/.espressif/tools/xtensa-esp-elf/esp-13.2.0_20230928/xtensa-esp-elf/bin/../lib/gcc/xtensa-esp-elf/13.2.0/esp32] ==> [/home/paco/.espressif/tools/xtensa-esp-elf/esp-13.2.0_20230928/xtensa-esp-elf/lib/gcc/xtensa-esp-elf/13.2.0/esp32]
  collapse library dir [/home/paco/.espressif/tools/xtensa-esp-elf/esp-13.2.0_20230928/xtensa-esp-elf/bin/../lib/gcc/xtensa-esp-elf/13.2.0/../../../../xtensa-esp-elf/lib/esp32] ==> [/home/paco/.espressif/tools/xtensa-esp-elf/esp-13.2.0_20230928/xtensa-esp-elf/xtensa-esp-elf/lib/esp32]
  collapse library dir [/home/paco/.espressif/tools/xtensa-esp-elf/esp-13.2.0_20230928/xtensa-esp-elf/bin/../lib/gcc/xtensa-esp-elf/13.2.0] ==> [/home/paco/.espressif/tools/xtensa-esp-elf/esp-13.2.0_20230928/xtensa-esp-elf/lib/gcc/xtensa-esp-elf/13.2.0]
  collapse library dir [/home/paco/.espressif/tools/xtensa-esp-elf/esp-13.2.0_20230928/xtensa-esp-elf/bin/../lib/gcc] ==> [/home/paco/.espressif/tools/xtensa-esp-elf/esp-13.2.0_20230928/xtensa-esp-elf/lib/gcc]
  collapse library dir [/home/paco/.espressif/tools/xtensa-esp-elf/esp-13.2.0_20230928/xtensa-esp-elf/bin/../lib/gcc/xtensa-esp-elf/13.2.0/../../../../xtensa-esp-elf/lib] ==> [/home/paco/.espressif/tools/xtensa-esp-elf/esp-13.2.0_20230928/xtensa-esp-elf/xtensa-esp-elf/lib]
  implicit libs: [stdc++;m;gcc;c;nosys;c;gcc]
  implicit objs: [/home/paco/.espressif/tools/xtensa-esp-elf/esp-13.2.0_20230928/xtensa-esp-elf/xtensa-esp-elf/lib/esp32/crt0.o;/home/paco/.espressif/tools/xtensa-esp-elf/esp-13.2.0_20230928/xtensa-esp-elf/lib/gcc/xtensa-esp-elf/13.2.0/esp32/crti.o;/home/paco/.espressif/tools/xtensa-esp-elf/esp-13.2.0_20230928/xtensa-esp-elf/lib/gcc/xtensa-esp-elf/13.2.0/esp32/crtbegin.o;/home/paco/.espressif/tools/xtensa-esp-elf/esp-13.2.0_20230928/xtensa-esp-elf/lib/gcc/xtensa-esp-elf/13.2.0/esp32/crtend.o;/home/paco/.espressif/tools/xtensa-esp-elf/esp-13.2.0_20230928/xtensa-esp-elf/lib/gcc/xtensa-esp-elf/13.2.0/esp32/crtn.o]
  implicit dirs: [/home/paco/.espressif/tools/xtensa-esp-elf/esp-13.2.0_20230928/xtensa-esp-elf/lib/gcc/xtensa-esp-elf/13.2.0/esp32;/home/paco/.espressif/tools/xtensa-esp-elf/esp-13.2.0_20230928/xtensa-esp-elf/xtensa-esp-elf/lib/esp32;/home/paco/.espressif/tools/xtensa-esp-elf/esp-13.2.0_20230928/xtensa-esp-elf/lib/gcc/xtensa-esp-elf/13.2.0;/home/paco/.espressif/tools/xtensa-esp-elf/esp-13.2.0_20230928/xtensa-esp-elf/lib/gcc;/home/paco/.espressif/tools/xtensa-esp-elf/esp-13.2.0_20230928/xtensa-esp-elf/xtensa-esp-elf/lib]
  implicit fwks: []


Determining if the include file sys/types.h exists passed with the following output:
Change Dir: /home/paco/proyectos/esp32/Demo_LVGL/5_1_LCD_Test/CMakeFiles/CMakeTmp

Run Build Command(s):/usr/bin/make -f Makefile cmTC_a9853/fast && /usr/bin/make  -f CMakeFiles/cmTC_a9853.dir/build.make CMakeFiles/cmTC_a9853.dir/build
make[1]: se entra en el directorio '/home/paco/proyectos/esp32/Demo_LVGL/5_1_LCD_Test/CMakeFiles/CMakeTmp'
Building C object CMakeFiles/cmTC_a9853.dir/CheckIncludeFile.c.obj
/home/paco/.espressif/tools/xtensa-esp-elf/esp-13.2.0_20230928/xtensa-esp-elf/bin/xtensa-esp32-elf-gcc   -mlongcalls -Wno-frame-address   -o CMakeFiles/cmTC_a9853.dir/CheckIncludeFile.c.obj -c /home/paco/proyectos/esp32/Demo_LVGL/5_1_LCD_Test/CMakeFiles/CMakeTmp/CheckIncludeFile.c
Linking C executable cmTC_a9853
/home/paco/.espressif/tools/cmake/3.24.0/bin/cmake -E cmake_link_script CMakeFiles/cmTC_a9853.dir/link.txt --verbose=1
/home/paco/.espressif/tools/xtensa-esp-elf/esp-13.2.0_20230928/xtensa-esp-elf/bin/xtensa-esp32-elf-gcc -mlongcalls -Wno-frame-address   CMakeFiles/cmTC_a9853.dir/CheckIncludeFile.c.obj -o cmTC_a9853 
make[1]: se sale del directorio '/home/paco/proyectos/esp32/Demo_LVGL/5_1_LCD_Test/CMakeFiles/CMakeTmp'



Determining if the include file stdint.h exists passed with the following output:
Change Dir: /home/paco/proyectos/esp32/Demo_LVGL/5_1_LCD_Test/CMakeFiles/CMakeTmp

Run Build Command(s):/usr/bin/make -f Makefile cmTC_31836/fast && /usr/bin/make  -f CMakeFiles/cmTC_31836.dir/build.make CMakeFiles/cmTC_31836.dir/build
make[1]: se entra en el directorio '/home/paco/proyectos/esp32/Demo_LVGL/5_1_LCD_Test/CMakeFiles/CMakeTmp'
Building C object CMakeFiles/cmTC_31836.dir/CheckIncludeFile.c.obj
/home/paco/.espressif/tools/xtensa-esp-elf/esp-13.2.0_20230928/xtensa-esp-elf/bin/xtensa-esp32-elf-gcc   -mlongcalls -Wno-frame-address   -o CMakeFiles/cmTC_31836.dir/CheckIncludeFile.c.obj -c /home/paco/proyectos/esp32/Demo_LVGL/5_1_LCD_Test/CMakeFiles/CMakeTmp/CheckIncludeFile.c
Linking C executable cmTC_31836
/home/paco/.espressif/tools/cmake/3.24.0/bin/cmake -E cmake_link_script CMakeFiles/cmTC_31836.dir/link.txt --verbose=1
/home/paco/.espressif/tools/xtensa-esp-elf/esp-13.2.0_20230928/xtensa-esp-elf/bin/xtensa-esp32-elf-gcc -mlongcalls -Wno-frame-address   CMakeFiles/cmTC_31836.dir/CheckIncludeFile.c.obj -o cmTC_31836 
make[1]: se sale del directorio '/home/paco/proyectos/esp32/Demo_LVGL/5_1_LCD_Test/CMakeFiles/CMakeTmp'



Determining if the include file stddef.h exists passed with the following output:
Change Dir: /home/paco/proyectos/esp32/Demo_LVGL/5_1_LCD_Test/CMakeFiles/CMakeTmp

Run Build Command(s):/usr/bin/make -f Makefile cmTC_5c2b4/fast && /usr/bin/make  -f CMakeFiles/cmTC_5c2b4.dir/build.make CMakeFiles/cmTC_5c2b4.dir/build
make[1]: se entra en el directorio '/home/paco/proyectos/esp32/Demo_LVGL/5_1_LCD_Test/CMakeFiles/CMakeTmp'
Building C object CMakeFiles/cmTC_5c2b4.dir/CheckIncludeFile.c.obj
/home/paco/.espressif/tools/xtensa-esp-elf/esp-13.2.0_20230928/xtensa-esp-elf/bin/xtensa-esp32-elf-gcc   -mlongcalls -Wno-frame-address   -o CMakeFiles/cmTC_5c2b4.dir/CheckIncludeFile.c.obj -c /home/paco/proyectos/esp32/Demo_LVGL/5_1_LCD_Test/CMakeFiles/CMakeTmp/CheckIncludeFile.c
Linking C executable cmTC_5c2b4
/home/paco/.espressif/tools/cmake/3.24.0/bin/cmake -E cmake_link_script CMakeFiles/cmTC_5c2b4.dir/link.txt --verbose=1
/home/paco/.espressif/tools/xtensa-esp-elf/esp-13.2.0_20230928/xtensa-esp-elf/bin/xtensa-esp32-elf-gcc -mlongcalls -Wno-frame-address   CMakeFiles/cmTC_5c2b4.dir/CheckIncludeFile.c.obj -o cmTC_5c2b4 
make[1]: se sale del directorio '/home/paco/proyectos/esp32/Demo_LVGL/5_1_LCD_Test/CMakeFiles/CMakeTmp'



Determining size of time_t passed with the following output:
Change Dir: /home/paco/proyectos/esp32/Demo_LVGL/5_1_LCD_Test/CMakeFiles/CMakeTmp

Run Build Command(s):/usr/bin/make -f Makefile cmTC_ab2e5/fast && /usr/bin/make  -f CMakeFiles/cmTC_ab2e5.dir/build.make CMakeFiles/cmTC_ab2e5.dir/build
make[1]: se entra en el directorio '/home/paco/proyectos/esp32/Demo_LVGL/5_1_LCD_Test/CMakeFiles/CMakeTmp'
Building C object CMakeFiles/cmTC_ab2e5.dir/TIME_T_SIZE.c.obj
/home/paco/.espressif/tools/xtensa-esp-elf/esp-13.2.0_20230928/xtensa-esp-elf/bin/xtensa-esp32-elf-gcc   -mlongcalls -Wno-frame-address   -o CMakeFiles/cmTC_ab2e5.dir/TIME_T_SIZE.c.obj -c /home/paco/proyectos/esp32/Demo_LVGL/5_1_LCD_Test/CMakeFiles/CheckTypeSize/TIME_T_SIZE.c
Linking C executable cmTC_ab2e5
/home/paco/.espressif/tools/cmake/3.24.0/bin/cmake -E cmake_link_script CMakeFiles/cmTC_ab2e5.dir/link.txt --verbose=1
/home/paco/.espressif/tools/xtensa-esp-elf/esp-13.2.0_20230928/xtensa-esp-elf/bin/xtensa-esp32-elf-gcc -mlongcalls -Wno-frame-address   CMakeFiles/cmTC_ab2e5.dir/TIME_T_SIZE.c.obj -o cmTC_ab2e5 
make[1]: se sale del directorio '/home/paco/proyectos/esp32/Demo_LVGL/5_1_LCD_Test/CMakeFiles/CMakeTmp'



Performing C SOURCE FILE Test C_COMPILER_SUPPORTS_WFORMAT_SIGNEDNESS succeeded with the following output:
Change Dir: /home/paco/proyectos/esp32/Demo_LVGL/5_1_LCD_Test/CMakeFiles/CMakeTmp

Run Build Command(s):/usr/bin/make -f Makefile cmTC_093f2/fast && /usr/bin/make  -f CMakeFiles/cmTC_093f2.dir/build.make CMakeFiles/cmTC_093f2.dir/build
make[1]: Entering directory '/home/paco/proyectos/esp32/Demo_LVGL/5_1_LCD_Test/CMakeFiles/CMakeTmp'
Building C object CMakeFiles/cmTC_093f2.dir/src.c.obj
/home/paco/.espressif/tools/xtensa-esp-elf/esp-13.2.0_20230928/xtensa-esp-elf/bin/xtensa-esp32-elf-gcc -DC_COMPILER_SUPPORTS_WFORMAT_SIGNEDNESS  -mlongcalls -Wno-frame-address  -Wall -Wextra -Wwrite-strings -Wformat=2 -Wno-format-nonliteral -Wvla -Wlogical-op -Wshadow    -Wformat-signedness -o CMakeFiles/cmTC_093f2.dir/src.c.obj -c /home/paco/proyectos/esp32/Demo_LVGL/5_1_LCD_Test/CMakeFiles/CMakeTmp/src.c
Linking C executable cmTC_093f2
/home/paco/.espressif/tools/cmake/3.24.0/bin/cmake -E cmake_link_script CMakeFiles/cmTC_093f2.dir/link.txt --verbose=1
/home/paco/.espressif/tools/xtensa-esp-elf/esp-13.2.0_20230928/xtensa-esp-elf/bin/xtensa-esp32-elf-gcc -mlongcalls -Wno-frame-address  -Wall -Wextra -Wwrite-strings -Wformat=2 -Wno-format-nonliteral -Wvla -Wlogical-op -Wshadow  CMakeFiles/cmTC_093f2.dir/src.c.obj -o cmTC_093f2 
make[1]: Leaving directory '/home/paco/proyectos/esp32/Demo_LVGL/5_1_LCD_Test/CMakeFiles/CMakeTmp'


Source file was:
int main(void) { return 0; }
